
Start-Date: 2024-03-16  08:00:24
Commandline: apt-get -qq install -y dirmngr wget apt-transport-https
Install: readline-common:amd64 (8.1-1, automatic), gpg:amd64 (2.2.27-2+deb11u2, automatic), libldap-common:amd64 (2.4.57+dfsg-3+deb11u1, automatic), libsasl2-modules:amd64 (2.1.27+dfsg-2.1+deb11u1, automatic), libsasl2-2:amd64 (2.1.27+dfsg-2.1+deb11u1, automatic), libgpm2:amd64 (1.20.7-8, automatic), gnupg:amd64 (2.2.27-2+deb11u2, automatic), libsasl2-modules-db:amd64 (2.1.27+dfsg-2.1+deb11u1, automatic), gpg-wks-server:amd64 (2.2.27-2+deb11u2, automatic), libldap-2.4-2:amd64 (2.4.57+dfsg-3+deb11u1, automatic), gpg-agent:amd64 (2.2.27-2+deb11u2, automatic), wget:amd64 (1.21-1+deb11u1), libreadline8:amd64 (8.1-1, automatic), publicsuffix:amd64 (20220811.1734-0+deb11u1, automatic), libassuan0:amd64 (2.5.3-7.1, automatic), libnpth0:amd64 (1.6-3, automatic), libsqlite3-0:amd64 (3.34.1-3, automatic), pinentry-curses:amd64 (1.1.0-4, automatic), gpgsm:amd64 (2.2.27-2+deb11u2, automatic), ca-certificates:amd64 (20210119, automatic), apt-transport-https:amd64 (2.2.4), dirmngr:amd64 (2.2.27-2+deb11u2), libksba8:amd64 (1.5.0-3+deb11u2, automatic), gnupg-utils:amd64 (2.2.27-2+deb11u2, automatic), gnupg-l10n:amd64 (2.2.27-2+deb11u2, automatic), gpg-wks-client:amd64 (2.2.27-2+deb11u2, automatic), libncursesw6:amd64 (6.2+20201114-2+deb11u2, automatic), gpgconf:amd64 (2.2.27-2+deb11u2, automatic), libpsl5:amd64 (0.21.0-1.2, automatic), openssl:amd64 (1.1.1w-0+deb11u1, automatic)
End-Date: 2024-03-16  08:00:31

Start-Date: 2024-03-16  08:00:41
Commandline: apt-get -qq -y --no-install-recommends install locales rsyslog nano tar clamav-daemon patch libarchive-tools
Install: clamav-daemon:amd64 (0.103.10+dfsg-0+deb11u1), libssh2-1:amd64 (1.9.0-2, automatic), libcurl4:amd64 (7.74.0-1.3+deb11u11, automatic), libltdl7:amd64 (2.4.6-15, automatic), libnghttp2-14:amd64 (1.43.0-1+deb11u1, automatic), libarchive13:amd64 (3.4.3-2+deb11u1, automatic), ucf:amd64 (3.0043, automatic), clamav-base:amd64 (0.103.10+dfsg-0+deb11u1, automatic), libclamav9:amd64 (0.103.10+dfsg-0+deb11u1, automatic), patch:amd64 (2.7.6-7), librtmp1:amd64 (2.4+20151223.gitfa8646d.1-2+b2, automatic), libpopt0:amd64 (1.18-2, automatic), logrotate:amd64 (3.18.0-2+deb11u2, automatic), libmspack0:amd64 (0.10.1-2, automatic), libarchive-tools:amd64 (3.4.3-2+deb11u1), libfastjson4:amd64 (0.99.9-1, automatic), libxml2:amd64 (2.9.10+dfsg-6.7+deb11u4, automatic), clamav-freshclam:amd64 (0.103.10+dfsg-0+deb11u1, automatic), sensible-utils:amd64 (0.0.14, automatic), locales:amd64 (2.31-13+deb11u8), rsyslog:amd64 (8.2102.0-2+deb11u1), libtfm1:amd64 (0.13-4, automatic), libjson-c5:amd64 (0.15-2+deb11u1, automatic), libprocps8:amd64 (2:3.3.17-5, automatic), liblognorm5:amd64 (2.0.5-1.1, automatic), procps:amd64 (2:3.3.17-5, automatic), libestr0:amd64 (0.1.10-2.1+b1, automatic), nano:amd64 (5.4-2+deb11u2), libc-l10n:amd64 (2.31-13+deb11u8, automatic), libbrotli1:amd64 (1.0.9-2+b2, automatic), cron:amd64 (3.0pl1-137, automatic), libicu67:amd64 (67.1-7, automatic), libncurses6:amd64 (6.2+20201114-2+deb11u2, automatic)
End-Date: 2024-03-16  08:00:49

Start-Date: 2024-03-16  08:00:52
Commandline: apt-get -qq -y --no-install-recommends install dovecot-core dovecot-imapd dovecot-pop3d dovecot-sqlite dovecot-sieve dovecot-managesieved dovecot-lmtpd msmtp msmtp-mta
Install: libwrap0:amd64 (7.6.q-31, automatic), libexttextcat-2.0-0:amd64 (3.4.5-1, automatic), libsecret-1-0:amd64 (0.20.4-2, automatic), libidn11:amd64 (1.33-3, automatic), gsasl-common:amd64 (1.10.0-4+deb11u1, automatic), libntlm0:amd64 (1.6-3, automatic), dovecot-imapd:amd64 (2:2.3.21-1+debian11), dovecot-sqlite:amd64 (2:2.3.21-1+debian11), dovecot-lmtpd:amd64 (2:2.3.21-1+debian11), libstemmer0d:amd64 (2.1.0-1, automatic), msmtp:amd64 (1.8.11-2.1), dovecot-core:amd64 (2:2.3.21-1+debian11), libsodium23:amd64 (1.0.18-1, automatic), libgsasl7:amd64 (1.10.0-4+deb11u1, automatic), msmtp-mta:amd64 (1.8.11-2.1), libglib2.0-0:amd64 (2.66.8-1+deb11u1, automatic), dovecot-managesieved:amd64 (2:2.3.21-1+debian11), dovecot-sieve:amd64 (2:2.3.21-1+debian11), libsecret-common:amd64 (0.20.4-2, automatic), libexttextcat-data:amd64 (3.4.5-1, automatic), dovecot-pop3d:amd64 (2:2.3.21-1+debian11)
End-Date: 2024-03-16  08:01:06

Start-Date: 2024-03-16  08:01:08
Commandline: apt-get -qq -y --no-install-recommends install rspamd
Install: rspamd:amd64 (3.8.4-1~93fa4f6dc~bullseye), libbinutils:amd64 (2.35.2-2, automatic), binutils-common:amd64 (2.35.2-2, automatic), libhyperscan5:amd64 (5.4.0-2, automatic)
End-Date: 2024-03-16  08:01:10

Start-Date: 2024-03-16  08:01:12
Commandline: apt-get -qq -y --no-install-recommends install sqlite3
Install: sqlite3:amd64 (3.34.1-3)
End-Date: 2024-03-16  08:01:12

Start-Date: 2024-03-16  08:01:14
Commandline: apt-get -qq -y --no-install-recommends install dnsutils mpack unzip sudo psmisc net-tools
Install: bind9-host:amd64 (1:9.16.48-1, automatic), libbsd0:amd64 (0.11.3-1+deb11u1, automatic), psmisc:amd64 (23.4-2), libmaxminddb0:amd64 (1.5.2-1, automatic), libprotobuf-c1:amd64 (1.3.3-1+b2, automatic), net-tools:amd64 (1.60+git20181103.0eebece-1), bind9-dnsutils:amd64 (1:9.16.48-1, automatic), bind9-libs:amd64 (1:9.16.48-1, automatic), liblmdb0:amd64 (0.9.24-1, automatic), sudo:amd64 (1.9.5p2-3+deb11u1), mpack:amd64 (1.6-17), unzip:amd64 (6.0-26+deb11u1), libmd0:amd64 (1.0.3-3, automatic), libedit2:amd64 (3.1-20191231-2+b1, automatic), libfstrm0:amd64 (0.6.0-1+b1, automatic), dnsutils:amd64 (1:9.16.48-1), libuv1:amd64 (1.40.0-2+deb11u1, automatic)
End-Date: 2024-03-16  08:01:15

Start-Date: 2024-03-16  08:01:16
Commandline: apt-get -qq -y --no-install-recommends install redis-server
Install: redis-server:amd64 (5:6.0.16-1+deb11u2), liblzf1:amd64 (3.6-3, automatic), liblua5.1-0:amd64 (5.1.5-8.1+b3, automatic), lua-bitop:amd64 (1.0.2-5, automatic), libjemalloc2:amd64 (5.2.1-3, automatic), redis-tools:amd64 (5:6.0.16-1+deb11u2, automatic), lua-cjson:amd64 (2.1.0+dfsg-2.1, automatic), libatomic1:amd64 (10.2.1-6, automatic)
End-Date: 2024-03-16  08:01:17

Start-Date: 2024-03-16  08:01:19
Commandline: apt-get -qq -y --no-install-recommends install p0f net-tools
Install: p0f:amd64 (3.09b-3), libdbus-1-3:amd64 (1.12.28-0+deb11u1, automatic), libpcap0.8:amd64 (1.10.0-2, automatic)
End-Date: 2024-03-16  08:01:19

Start-Date: 2024-03-16  08:01:21
Commandline: apt-get -qq -y --no-install-recommends install bind9-host wget curl netcat-openbsd
Install: curl:amd64 (7.74.0-1.3+deb11u11), netcat-openbsd:amd64 (1.217-3)
End-Date: 2024-03-16  08:01:21

Start-Date: 2024-03-16  08:01:25
Commandline: apt-get -qq -y --no-install-recommends install nginx-light php-common php-fpm php-intl php-sqlite3 php-cli php-xmlrpc php-curl php-mbstring php-zip php-xml php-bcmath
Install: libperl5.32:amd64 (5.32.1-4+deb11u3, automatic), libxtables12:amd64 (1.8.7-1, automatic), php7.4-mbstring:amd64 (7.4.33-1+deb11u4, automatic), libgdbm-compat4:amd64 (1.19-2, automatic), php-xmlrpc:amd64 (2:7.4+76), libonig5:amd64 (6.9.6-1.1, automatic), php7.4-readline:amd64 (7.4.33-1+deb11u4, automatic), php7.4-curl:amd64 (7.4.33-1+deb11u4, automatic), perl:amd64 (5.32.1-4+deb11u3, automatic), libmagic-mgc:amd64 (1:5.39-3+deb11u1, automatic), php7.4-bcmath:amd64 (7.4.33-1+deb11u4, automatic), php7.4-intl:amd64 (7.4.33-1+deb11u4, automatic), libcap2-bin:amd64 (1:2.44-1, automatic), libexpat1:amd64 (2.2.10-2+deb11u5, automatic), php7.4-opcache:amd64 (7.4.33-1+deb11u4, automatic), nginx-common:amd64 (1.18.0-6.1+deb11u3, automatic), libmagic1:amd64 (1:5.39-3+deb11u1, automatic), php-common:amd64 (2:76), libapparmor1:amd64 (2.13.6-10, automatic), php7.4-cli:amd64 (7.4.33-1+deb11u4, automatic), nginx-light:amd64 (1.18.0-6.1+deb11u3), php7.4-fpm:amd64 (7.4.33-1+deb11u4, automatic), libbpf0:amd64 (1:0.3-2, automatic), libmnl0:amd64 (1.0.4-3, automatic), php7.4-json:amd64 (7.4.33-1+deb11u4, automatic), php-curl:amd64 (2:7.4+76), php-intl:amd64 (2:7.4+76), php7.4-xmlrpc:amd64 (7.4.33-1+deb11u4, automatic), php7.4-xml:amd64 (7.4.33-1+deb11u4, automatic), php7.4-zip:amd64 (7.4.33-1+deb11u4, automatic), libcap2:amd64 (1:2.44-1, automatic), php-mbstring:amd64 (2:7.4+76), mailcap:amd64 (3.69, automatic), media-types:amd64 (4.0.0, automatic), php-cli:amd64 (2:7.4+76), php-fpm:amd64 (2:7.4+76), libxslt1.1:amd64 (1.1.34-4+deb11u1, automatic), php7.4-sqlite3:amd64 (7.4.33-1+deb11u4, automatic), php-xml:amd64 (2:7.4+76), php7.4-common:amd64 (7.4.33-1+deb11u4, automatic), php-zip:amd64 (2:7.4+76), libxmlrpc-epi0:amd64 (0.54.2-1.2+b1, automatic), libzip4:amd64 (1.7.3-1, automatic), mime-support:amd64 (3.66, automatic), libnginx-mod-http-echo:amd64 (1.18.0-6.1+deb11u3, automatic), php-bcmath:amd64 (2:7.4+76), libargon2-1:amd64 (0~20171227-0.2, automatic), perl-modules-5.32:amd64 (5.32.1-4+deb11u3, automatic), libelf1:amd64 (0.183-1, automatic), iproute2:amd64 (5.10.0-4, automatic), libgdbm6:amd64 (1.19-2, automatic), php-sqlite3:amd64 (2:7.4+76)
End-Date: 2024-03-16  08:01:51

Start-Date: 2024-03-16  08:01:53
Commandline: apt-get -qq -y --no-install-recommends install php-soap php-imap
Install: php7.4-soap:amd64 (7.4.33-1+deb11u4, automatic), mlock:amd64 (8:2007f~dfsg-7+b1, automatic), php7.4-imap:amd64 (7.4.33-1+deb11u4, automatic), php-soap:amd64 (2:7.4+76), php-imap:amd64 (2:7.4+76), libc-client2007e:amd64 (8:2007f~dfsg-7+b1, automatic)
End-Date: 2024-03-16  08:01:54
