743:C 29 Apr 2024 15:21:24.600 # oO0OoO0OoO0Oo Redis is starting oO0OoO0OoO0Oo
743:C 29 Apr 2024 15:21:24.600 # Redis version=6.0.16, bits=64, commit=00000000, modified=0, pid=743, just started
743:C 29 Apr 2024 15:21:24.600 # Configuration loaded
743:M 29 Apr 2024 15:21:24.713 * Running mode=standalone, port=6379.
743:M 29 Apr 2024 15:21:24.713 # Server initialized
743:M 29 Apr 2024 15:21:24.713 # WARNING overcommit_memory is set to 0! Background save may fail under low memory condition. To fix this issue add 'vm.overcommit_memory = 1' to /etc/sysctl.conf and then reboot or run the command 'sysctl vm.overcommit_memory=1' for this to take effect.
743:M 29 Apr 2024 15:21:24.714 # WARNING you have Transparent Huge Pages (THP) support enabled in your kernel. This will create latency and memory usage issues with Redis. To fix this issue run the command 'echo madvise > /sys/kernel/mm/transparent_hugepage/enabled' as root, and add it to your /etc/rc.local in order to retain the setting after a reboot. Redis must be restarted after THP is disabled (set to 'madvise' or 'never').
743:M 29 Apr 2024 15:21:24.715 * Ready to accept connections
743:M 29 Apr 2024 15:21:24.715 * The server is now ready to accept connections at /var/run/redis/redis.sock
743:signal-handler (1714404328) Received SIGTERM scheduling shutdown...
743:M 29 Apr 2024 15:25:28.700 # User requested shutdown...
743:M 29 Apr 2024 15:25:28.700 * Saving the final RDB snapshot before exiting.
743:M 29 Apr 2024 15:25:28.725 * DB saved on disk
743:M 29 Apr 2024 15:25:28.725 * Removing the pid file.
743:M 29 Apr 2024 15:25:28.725 * Removing the unix socket file.
743:M 29 Apr 2024 15:25:28.725 # Redis is now ready to exit, bye bye...
694:C 29 Apr 2024 15:26:27.322 # oO0OoO0OoO0Oo Redis is starting oO0OoO0OoO0Oo
694:C 29 Apr 2024 15:26:27.334 # Redis version=6.0.16, bits=64, commit=00000000, modified=0, pid=694, just started
694:C 29 Apr 2024 15:26:27.334 # Configuration loaded
694:M 29 Apr 2024 15:26:27.338 * Running mode=standalone, port=6379.
694:M 29 Apr 2024 15:26:27.343 # Server initialized
694:M 29 Apr 2024 15:26:27.343 # WARNING overcommit_memory is set to 0! Background save may fail under low memory condition. To fix this issue add 'vm.overcommit_memory = 1' to /etc/sysctl.conf and then reboot or run the command 'sysctl vm.overcommit_memory=1' for this to take effect.
694:M 29 Apr 2024 15:26:27.344 # WARNING you have Transparent Huge Pages (THP) support enabled in your kernel. This will create latency and memory usage issues with Redis. To fix this issue run the command 'echo madvise > /sys/kernel/mm/transparent_hugepage/enabled' as root, and add it to your /etc/rc.local in order to retain the setting after a reboot. Redis must be restarted after THP is disabled (set to 'madvise' or 'never').
694:M 29 Apr 2024 15:26:27.344 * Loading RDB produced by version 6.0.16
694:M 29 Apr 2024 15:26:27.344 * RDB age 59 seconds
694:M 29 Apr 2024 15:26:27.344 * RDB memory usage when created 1.20 Mb
694:M 29 Apr 2024 15:26:27.344 * DB loaded from disk: 0.000 seconds
694:M 29 Apr 2024 15:26:27.344 * Ready to accept connections
694:M 29 Apr 2024 15:26:27.344 * The server is now ready to accept connections at /var/run/redis/redis.sock
694:signal-handler (1714404518) Received SIGTERM scheduling shutdown...
694:M 29 Apr 2024 15:28:38.832 # User requested shutdown...
694:M 29 Apr 2024 15:28:38.835 * Saving the final RDB snapshot before exiting.
694:M 29 Apr 2024 15:28:38.860 * DB saved on disk
694:M 29 Apr 2024 15:28:38.860 * Removing the pid file.
694:M 29 Apr 2024 15:28:38.860 * Removing the unix socket file.
694:M 29 Apr 2024 15:28:38.860 # Redis is now ready to exit, bye bye...
