2024-03-16 08:00:24 startup archives unpack
2024-03-16 08:00:25 install readline-common:all <none> 8.1-1
2024-03-16 08:00:25 status half-installed readline-common:all 8.1-1
2024-03-16 08:00:25 status unpacked readline-common:all 8.1-1
2024-03-16 08:00:25 install libreadline8:amd64 <none> 8.1-1
2024-03-16 08:00:25 status triggers-pending libc-bin:amd64 2.31-13+deb11u8
2024-03-16 08:00:25 status half-installed libreadline8:amd64 8.1-1
2024-03-16 08:00:25 status unpacked libreadline8:amd64 8.1-1
2024-03-16 08:00:25 install openssl:amd64 <none> 1.1.1w-0+deb11u1
2024-03-16 08:00:25 status half-installed openssl:amd64 1.1.1w-0+deb11u1
2024-03-16 08:00:25 status unpacked openssl:amd64 1.1.1w-0+deb11u1
2024-03-16 08:00:25 install ca-certificates:all <none> 20210119
2024-03-16 08:00:25 status half-installed ca-certificates:all 20210119
2024-03-16 08:00:25 status unpacked ca-certificates:all 20210119
2024-03-16 08:00:25 install libpsl5:amd64 <none> 0.21.0-1.2
2024-03-16 08:00:25 status half-installed libpsl5:amd64 0.21.0-1.2
2024-03-16 08:00:25 status unpacked libpsl5:amd64 0.21.0-1.2
2024-03-16 08:00:25 install wget:amd64 <none> 1.21-1+deb11u1
2024-03-16 08:00:25 status half-installed wget:amd64 1.21-1+deb11u1
2024-03-16 08:00:25 status unpacked wget:amd64 1.21-1+deb11u1
2024-03-16 08:00:25 install apt-transport-https:all <none> 2.2.4
2024-03-16 08:00:25 status half-installed apt-transport-https:all 2.2.4
2024-03-16 08:00:25 status unpacked apt-transport-https:all 2.2.4
2024-03-16 08:00:25 install libassuan0:amd64 <none> 2.5.3-7.1
2024-03-16 08:00:25 status half-installed libassuan0:amd64 2.5.3-7.1
2024-03-16 08:00:25 status unpacked libassuan0:amd64 2.5.3-7.1
2024-03-16 08:00:25 install gpgconf:amd64 <none> 2.2.27-2+deb11u2
2024-03-16 08:00:25 status half-installed gpgconf:amd64 2.2.27-2+deb11u2
2024-03-16 08:00:25 status unpacked gpgconf:amd64 2.2.27-2+deb11u2
2024-03-16 08:00:25 install libksba8:amd64 <none> 1.5.0-3+deb11u2
2024-03-16 08:00:25 status half-installed libksba8:amd64 1.5.0-3+deb11u2
2024-03-16 08:00:25 status unpacked libksba8:amd64 1.5.0-3+deb11u2
2024-03-16 08:00:25 install libsasl2-modules-db:amd64 <none> 2.1.27+dfsg-2.1+deb11u1
2024-03-16 08:00:25 status half-installed libsasl2-modules-db:amd64 2.1.27+dfsg-2.1+deb11u1
2024-03-16 08:00:25 status unpacked libsasl2-modules-db:amd64 2.1.27+dfsg-2.1+deb11u1
2024-03-16 08:00:25 install libsasl2-2:amd64 <none> 2.1.27+dfsg-2.1+deb11u1
2024-03-16 08:00:25 status half-installed libsasl2-2:amd64 2.1.27+dfsg-2.1+deb11u1
2024-03-16 08:00:25 status unpacked libsasl2-2:amd64 2.1.27+dfsg-2.1+deb11u1
2024-03-16 08:00:25 install libldap-2.4-2:amd64 <none> 2.4.57+dfsg-3+deb11u1
2024-03-16 08:00:25 status half-installed libldap-2.4-2:amd64 2.4.57+dfsg-3+deb11u1
2024-03-16 08:00:25 status unpacked libldap-2.4-2:amd64 2.4.57+dfsg-3+deb11u1
2024-03-16 08:00:25 install libnpth0:amd64 <none> 1.6-3
2024-03-16 08:00:25 status half-installed libnpth0:amd64 1.6-3
2024-03-16 08:00:25 status unpacked libnpth0:amd64 1.6-3
2024-03-16 08:00:25 install dirmngr:amd64 <none> 2.2.27-2+deb11u2
2024-03-16 08:00:25 status half-installed dirmngr:amd64 2.2.27-2+deb11u2
2024-03-16 08:00:25 status unpacked dirmngr:amd64 2.2.27-2+deb11u2
2024-03-16 08:00:25 install gnupg-l10n:all <none> 2.2.27-2+deb11u2
2024-03-16 08:00:25 status half-installed gnupg-l10n:all 2.2.27-2+deb11u2
2024-03-16 08:00:26 status unpacked gnupg-l10n:all 2.2.27-2+deb11u2
2024-03-16 08:00:26 install gnupg-utils:amd64 <none> 2.2.27-2+deb11u2
2024-03-16 08:00:26 status half-installed gnupg-utils:amd64 2.2.27-2+deb11u2
2024-03-16 08:00:26 status unpacked gnupg-utils:amd64 2.2.27-2+deb11u2
2024-03-16 08:00:26 install libsqlite3-0:amd64 <none> 3.34.1-3
2024-03-16 08:00:26 status half-installed libsqlite3-0:amd64 3.34.1-3
2024-03-16 08:00:26 status unpacked libsqlite3-0:amd64 3.34.1-3
2024-03-16 08:00:26 install gpg:amd64 <none> 2.2.27-2+deb11u2
2024-03-16 08:00:26 status half-installed gpg:amd64 2.2.27-2+deb11u2
2024-03-16 08:00:26 status unpacked gpg:amd64 2.2.27-2+deb11u2
2024-03-16 08:00:26 install libncursesw6:amd64 <none> 6.2+20201114-2+deb11u2
2024-03-16 08:00:26 status half-installed libncursesw6:amd64 6.2+20201114-2+deb11u2
2024-03-16 08:00:26 status unpacked libncursesw6:amd64 6.2+20201114-2+deb11u2
2024-03-16 08:00:26 install pinentry-curses:amd64 <none> 1.1.0-4
2024-03-16 08:00:26 status half-installed pinentry-curses:amd64 1.1.0-4
2024-03-16 08:00:26 status unpacked pinentry-curses:amd64 1.1.0-4
2024-03-16 08:00:26 install gpg-agent:amd64 <none> 2.2.27-2+deb11u2
2024-03-16 08:00:26 status half-installed gpg-agent:amd64 2.2.27-2+deb11u2
2024-03-16 08:00:26 status unpacked gpg-agent:amd64 2.2.27-2+deb11u2
2024-03-16 08:00:26 install gpg-wks-client:amd64 <none> 2.2.27-2+deb11u2
2024-03-16 08:00:26 status half-installed gpg-wks-client:amd64 2.2.27-2+deb11u2
2024-03-16 08:00:26 status unpacked gpg-wks-client:amd64 2.2.27-2+deb11u2
2024-03-16 08:00:26 install gpg-wks-server:amd64 <none> 2.2.27-2+deb11u2
2024-03-16 08:00:26 status half-installed gpg-wks-server:amd64 2.2.27-2+deb11u2
2024-03-16 08:00:26 status unpacked gpg-wks-server:amd64 2.2.27-2+deb11u2
2024-03-16 08:00:26 install gpgsm:amd64 <none> 2.2.27-2+deb11u2
2024-03-16 08:00:26 status half-installed gpgsm:amd64 2.2.27-2+deb11u2
2024-03-16 08:00:26 status unpacked gpgsm:amd64 2.2.27-2+deb11u2
2024-03-16 08:00:26 install gnupg:all <none> 2.2.27-2+deb11u2
2024-03-16 08:00:26 status half-installed gnupg:all 2.2.27-2+deb11u2
2024-03-16 08:00:26 status unpacked gnupg:all 2.2.27-2+deb11u2
2024-03-16 08:00:26 install libgpm2:amd64 <none> 1.20.7-8
2024-03-16 08:00:26 status half-installed libgpm2:amd64 1.20.7-8
2024-03-16 08:00:26 status unpacked libgpm2:amd64 1.20.7-8
2024-03-16 08:00:26 install libldap-common:all <none> 2.4.57+dfsg-3+deb11u1
2024-03-16 08:00:26 status half-installed libldap-common:all 2.4.57+dfsg-3+deb11u1
2024-03-16 08:00:26 status unpacked libldap-common:all 2.4.57+dfsg-3+deb11u1
2024-03-16 08:00:26 install libsasl2-modules:amd64 <none> 2.1.27+dfsg-2.1+deb11u1
2024-03-16 08:00:26 status half-installed libsasl2-modules:amd64 2.1.27+dfsg-2.1+deb11u1
2024-03-16 08:00:26 status unpacked libsasl2-modules:amd64 2.1.27+dfsg-2.1+deb11u1
2024-03-16 08:00:26 install publicsuffix:all <none> 20220811.1734-0+deb11u1
2024-03-16 08:00:26 status half-installed publicsuffix:all 20220811.1734-0+deb11u1
2024-03-16 08:00:26 status unpacked publicsuffix:all 20220811.1734-0+deb11u1
2024-03-16 08:00:26 startup packages configure
2024-03-16 08:00:26 configure libksba8:amd64 1.5.0-3+deb11u2 <none>
2024-03-16 08:00:26 status unpacked libksba8:amd64 1.5.0-3+deb11u2
2024-03-16 08:00:26 status half-configured libksba8:amd64 1.5.0-3+deb11u2
2024-03-16 08:00:26 status installed libksba8:amd64 1.5.0-3+deb11u2
2024-03-16 08:00:26 configure libpsl5:amd64 0.21.0-1.2 <none>
2024-03-16 08:00:26 status unpacked libpsl5:amd64 0.21.0-1.2
2024-03-16 08:00:26 status half-configured libpsl5:amd64 0.21.0-1.2
2024-03-16 08:00:26 status installed libpsl5:amd64 0.21.0-1.2
2024-03-16 08:00:26 configure libgpm2:amd64 1.20.7-8 <none>
2024-03-16 08:00:26 status unpacked libgpm2:amd64 1.20.7-8
2024-03-16 08:00:26 status half-configured libgpm2:amd64 1.20.7-8
2024-03-16 08:00:26 status installed libgpm2:amd64 1.20.7-8
2024-03-16 08:00:26 configure wget:amd64 1.21-1+deb11u1 <none>
2024-03-16 08:00:26 status unpacked wget:amd64 1.21-1+deb11u1
2024-03-16 08:00:26 status half-configured wget:amd64 1.21-1+deb11u1
2024-03-16 08:00:26 status installed wget:amd64 1.21-1+deb11u1
2024-03-16 08:00:26 configure apt-transport-https:all 2.2.4 <none>
2024-03-16 08:00:26 status unpacked apt-transport-https:all 2.2.4
2024-03-16 08:00:26 status half-configured apt-transport-https:all 2.2.4
2024-03-16 08:00:26 status installed apt-transport-https:all 2.2.4
2024-03-16 08:00:26 configure libsqlite3-0:amd64 3.34.1-3 <none>
2024-03-16 08:00:26 status unpacked libsqlite3-0:amd64 3.34.1-3
2024-03-16 08:00:26 status half-configured libsqlite3-0:amd64 3.34.1-3
2024-03-16 08:00:26 status installed libsqlite3-0:amd64 3.34.1-3
2024-03-16 08:00:26 configure libsasl2-modules:amd64 2.1.27+dfsg-2.1+deb11u1 <none>
2024-03-16 08:00:26 status unpacked libsasl2-modules:amd64 2.1.27+dfsg-2.1+deb11u1
2024-03-16 08:00:26 status half-configured libsasl2-modules:amd64 2.1.27+dfsg-2.1+deb11u1
2024-03-16 08:00:26 status installed libsasl2-modules:amd64 2.1.27+dfsg-2.1+deb11u1
2024-03-16 08:00:26 configure libnpth0:amd64 1.6-3 <none>
2024-03-16 08:00:26 status unpacked libnpth0:amd64 1.6-3
2024-03-16 08:00:26 status half-configured libnpth0:amd64 1.6-3
2024-03-16 08:00:26 status installed libnpth0:amd64 1.6-3
2024-03-16 08:00:26 configure libassuan0:amd64 2.5.3-7.1 <none>
2024-03-16 08:00:26 status unpacked libassuan0:amd64 2.5.3-7.1
2024-03-16 08:00:26 status half-configured libassuan0:amd64 2.5.3-7.1
2024-03-16 08:00:26 status installed libassuan0:amd64 2.5.3-7.1
2024-03-16 08:00:26 configure libldap-common:all 2.4.57+dfsg-3+deb11u1 <none>
2024-03-16 08:00:26 status unpacked libldap-common:all 2.4.57+dfsg-3+deb11u1
2024-03-16 08:00:26 status half-configured libldap-common:all 2.4.57+dfsg-3+deb11u1
2024-03-16 08:00:26 status installed libldap-common:all 2.4.57+dfsg-3+deb11u1
2024-03-16 08:00:26 configure libsasl2-modules-db:amd64 2.1.27+dfsg-2.1+deb11u1 <none>
2024-03-16 08:00:26 status unpacked libsasl2-modules-db:amd64 2.1.27+dfsg-2.1+deb11u1
2024-03-16 08:00:26 status half-configured libsasl2-modules-db:amd64 2.1.27+dfsg-2.1+deb11u1
2024-03-16 08:00:26 status installed libsasl2-modules-db:amd64 2.1.27+dfsg-2.1+deb11u1
2024-03-16 08:00:26 configure gnupg-l10n:all 2.2.27-2+deb11u2 <none>
2024-03-16 08:00:26 status unpacked gnupg-l10n:all 2.2.27-2+deb11u2
2024-03-16 08:00:26 status half-configured gnupg-l10n:all 2.2.27-2+deb11u2
2024-03-16 08:00:26 status installed gnupg-l10n:all 2.2.27-2+deb11u2
2024-03-16 08:00:26 configure libncursesw6:amd64 6.2+20201114-2+deb11u2 <none>
2024-03-16 08:00:26 status unpacked libncursesw6:amd64 6.2+20201114-2+deb11u2
2024-03-16 08:00:26 status half-configured libncursesw6:amd64 6.2+20201114-2+deb11u2
2024-03-16 08:00:26 status installed libncursesw6:amd64 6.2+20201114-2+deb11u2
2024-03-16 08:00:26 configure libsasl2-2:amd64 2.1.27+dfsg-2.1+deb11u1 <none>
2024-03-16 08:00:26 status unpacked libsasl2-2:amd64 2.1.27+dfsg-2.1+deb11u1
2024-03-16 08:00:26 status half-configured libsasl2-2:amd64 2.1.27+dfsg-2.1+deb11u1
2024-03-16 08:00:26 status installed libsasl2-2:amd64 2.1.27+dfsg-2.1+deb11u1
2024-03-16 08:00:26 configure openssl:amd64 1.1.1w-0+deb11u1 <none>
2024-03-16 08:00:26 status unpacked openssl:amd64 1.1.1w-0+deb11u1
2024-03-16 08:00:26 status half-configured openssl:amd64 1.1.1w-0+deb11u1
2024-03-16 08:00:26 status installed openssl:amd64 1.1.1w-0+deb11u1
2024-03-16 08:00:26 configure readline-common:all 8.1-1 <none>
2024-03-16 08:00:26 status unpacked readline-common:all 8.1-1
2024-03-16 08:00:26 status half-configured readline-common:all 8.1-1
2024-03-16 08:00:26 status installed readline-common:all 8.1-1
2024-03-16 08:00:26 configure publicsuffix:all 20220811.1734-0+deb11u1 <none>
2024-03-16 08:00:26 status unpacked publicsuffix:all 20220811.1734-0+deb11u1
2024-03-16 08:00:26 status half-configured publicsuffix:all 20220811.1734-0+deb11u1
2024-03-16 08:00:26 status installed publicsuffix:all 20220811.1734-0+deb11u1
2024-03-16 08:00:26 configure pinentry-curses:amd64 1.1.0-4 <none>
2024-03-16 08:00:26 status unpacked pinentry-curses:amd64 1.1.0-4
2024-03-16 08:00:26 status half-configured pinentry-curses:amd64 1.1.0-4
2024-03-16 08:00:26 status installed pinentry-curses:amd64 1.1.0-4
2024-03-16 08:00:26 configure libreadline8:amd64 8.1-1 <none>
2024-03-16 08:00:26 status unpacked libreadline8:amd64 8.1-1
2024-03-16 08:00:26 status half-configured libreadline8:amd64 8.1-1
2024-03-16 08:00:26 status installed libreadline8:amd64 8.1-1
2024-03-16 08:00:26 configure libldap-2.4-2:amd64 2.4.57+dfsg-3+deb11u1 <none>
2024-03-16 08:00:26 status unpacked libldap-2.4-2:amd64 2.4.57+dfsg-3+deb11u1
2024-03-16 08:00:26 status half-configured libldap-2.4-2:amd64 2.4.57+dfsg-3+deb11u1
2024-03-16 08:00:27 status installed libldap-2.4-2:amd64 2.4.57+dfsg-3+deb11u1
2024-03-16 08:00:27 configure ca-certificates:all 20210119 <none>
2024-03-16 08:00:27 status unpacked ca-certificates:all 20210119
2024-03-16 08:00:27 status half-configured ca-certificates:all 20210119
2024-03-16 08:00:28 status installed ca-certificates:all 20210119
2024-03-16 08:00:28 status triggers-pending ca-certificates:all 20210119
2024-03-16 08:00:28 configure gpgconf:amd64 2.2.27-2+deb11u2 <none>
2024-03-16 08:00:28 status unpacked gpgconf:amd64 2.2.27-2+deb11u2
2024-03-16 08:00:28 status half-configured gpgconf:amd64 2.2.27-2+deb11u2
2024-03-16 08:00:28 status installed gpgconf:amd64 2.2.27-2+deb11u2
2024-03-16 08:00:29 configure gpg:amd64 2.2.27-2+deb11u2 <none>
2024-03-16 08:00:29 status unpacked gpg:amd64 2.2.27-2+deb11u2
2024-03-16 08:00:29 status half-configured gpg:amd64 2.2.27-2+deb11u2
2024-03-16 08:00:29 status installed gpg:amd64 2.2.27-2+deb11u2
2024-03-16 08:00:29 configure gnupg-utils:amd64 2.2.27-2+deb11u2 <none>
2024-03-16 08:00:29 status unpacked gnupg-utils:amd64 2.2.27-2+deb11u2
2024-03-16 08:00:29 status half-configured gnupg-utils:amd64 2.2.27-2+deb11u2
2024-03-16 08:00:29 status installed gnupg-utils:amd64 2.2.27-2+deb11u2
2024-03-16 08:00:29 configure gpg-agent:amd64 2.2.27-2+deb11u2 <none>
2024-03-16 08:00:29 status unpacked gpg-agent:amd64 2.2.27-2+deb11u2
2024-03-16 08:00:29 status half-configured gpg-agent:amd64 2.2.27-2+deb11u2
2024-03-16 08:00:29 status installed gpg-agent:amd64 2.2.27-2+deb11u2
2024-03-16 08:00:29 configure gpgsm:amd64 2.2.27-2+deb11u2 <none>
2024-03-16 08:00:29 status unpacked gpgsm:amd64 2.2.27-2+deb11u2
2024-03-16 08:00:29 status half-configured gpgsm:amd64 2.2.27-2+deb11u2
2024-03-16 08:00:29 status installed gpgsm:amd64 2.2.27-2+deb11u2
2024-03-16 08:00:29 configure dirmngr:amd64 2.2.27-2+deb11u2 <none>
2024-03-16 08:00:29 status unpacked dirmngr:amd64 2.2.27-2+deb11u2
2024-03-16 08:00:29 status half-configured dirmngr:amd64 2.2.27-2+deb11u2
2024-03-16 08:00:30 status installed dirmngr:amd64 2.2.27-2+deb11u2
2024-03-16 08:00:30 configure gpg-wks-server:amd64 2.2.27-2+deb11u2 <none>
2024-03-16 08:00:30 status unpacked gpg-wks-server:amd64 2.2.27-2+deb11u2
2024-03-16 08:00:30 status half-configured gpg-wks-server:amd64 2.2.27-2+deb11u2
2024-03-16 08:00:30 status installed gpg-wks-server:amd64 2.2.27-2+deb11u2
2024-03-16 08:00:30 configure gpg-wks-client:amd64 2.2.27-2+deb11u2 <none>
2024-03-16 08:00:30 status unpacked gpg-wks-client:amd64 2.2.27-2+deb11u2
2024-03-16 08:00:30 status half-configured gpg-wks-client:amd64 2.2.27-2+deb11u2
2024-03-16 08:00:30 status installed gpg-wks-client:amd64 2.2.27-2+deb11u2
2024-03-16 08:00:30 configure gnupg:all 2.2.27-2+deb11u2 <none>
2024-03-16 08:00:30 status unpacked gnupg:all 2.2.27-2+deb11u2
2024-03-16 08:00:30 status half-configured gnupg:all 2.2.27-2+deb11u2
2024-03-16 08:00:30 status installed gnupg:all 2.2.27-2+deb11u2
2024-03-16 08:00:30 trigproc libc-bin:amd64 2.31-13+deb11u8 <none>
2024-03-16 08:00:30 status half-configured libc-bin:amd64 2.31-13+deb11u8
2024-03-16 08:00:30 status installed libc-bin:amd64 2.31-13+deb11u8
2024-03-16 08:00:30 trigproc ca-certificates:all 20210119 <none>
2024-03-16 08:00:30 status half-configured ca-certificates:all 20210119
2024-03-16 08:00:31 status installed ca-certificates:all 20210119
2024-03-16 08:00:41 startup archives unpack
2024-03-16 08:00:41 install sensible-utils:all <none> 0.0.14
2024-03-16 08:00:41 status half-installed sensible-utils:all 0.0.14
2024-03-16 08:00:41 status unpacked sensible-utils:all 0.0.14
2024-03-16 08:00:41 install cron:amd64 <none> 3.0pl1-137
2024-03-16 08:00:41 status half-installed cron:amd64 3.0pl1-137
2024-03-16 08:00:41 status unpacked cron:amd64 3.0pl1-137
2024-03-16 08:00:41 install libestr0:amd64 <none> 0.1.10-2.1+b1
2024-03-16 08:00:41 status triggers-pending libc-bin:amd64 2.31-13+deb11u8
2024-03-16 08:00:41 status half-installed libestr0:amd64 0.1.10-2.1+b1
2024-03-16 08:00:41 status unpacked libestr0:amd64 0.1.10-2.1+b1
2024-03-16 08:00:41 install libfastjson4:amd64 <none> 0.99.9-1
2024-03-16 08:00:41 status half-installed libfastjson4:amd64 0.99.9-1
2024-03-16 08:00:41 status unpacked libfastjson4:amd64 0.99.9-1
2024-03-16 08:00:41 install liblognorm5:amd64 <none> 2.0.5-1.1
2024-03-16 08:00:41 status half-installed liblognorm5:amd64 2.0.5-1.1
2024-03-16 08:00:41 status unpacked liblognorm5:amd64 2.0.5-1.1
2024-03-16 08:00:41 install rsyslog:amd64 <none> 8.2102.0-2+deb11u1
2024-03-16 08:00:41 status half-installed rsyslog:amd64 8.2102.0-2+deb11u1
2024-03-16 08:00:41 status unpacked rsyslog:amd64 8.2102.0-2+deb11u1
2024-03-16 08:00:41 install libpopt0:amd64 <none> 1.18-2
2024-03-16 08:00:41 status half-installed libpopt0:amd64 1.18-2
2024-03-16 08:00:41 status unpacked libpopt0:amd64 1.18-2
2024-03-16 08:00:41 install logrotate:amd64 <none> 3.18.0-2+deb11u2
2024-03-16 08:00:41 status half-installed logrotate:amd64 3.18.0-2+deb11u2
2024-03-16 08:00:41 status unpacked logrotate:amd64 3.18.0-2+deb11u2
2024-03-16 08:00:41 install nano:amd64 <none> 5.4-2+deb11u2
2024-03-16 08:00:41 status half-installed nano:amd64 5.4-2+deb11u2
2024-03-16 08:00:41 status unpacked nano:amd64 5.4-2+deb11u2
2024-03-16 08:00:41 install libncurses6:amd64 <none> 6.2+20201114-2+deb11u2
2024-03-16 08:00:41 status half-installed libncurses6:amd64 6.2+20201114-2+deb11u2
2024-03-16 08:00:41 status unpacked libncurses6:amd64 6.2+20201114-2+deb11u2
2024-03-16 08:00:41 install libprocps8:amd64 <none> 2:3.3.17-5
2024-03-16 08:00:41 status half-installed libprocps8:amd64 2:3.3.17-5
2024-03-16 08:00:41 status unpacked libprocps8:amd64 2:3.3.17-5
2024-03-16 08:00:41 install procps:amd64 <none> 2:3.3.17-5
2024-03-16 08:00:41 status half-installed procps:amd64 2:3.3.17-5
2024-03-16 08:00:42 status unpacked procps:amd64 2:3.3.17-5
2024-03-16 08:00:42 install libc-l10n:all <none> 2.31-13+deb11u8
2024-03-16 08:00:42 status half-installed libc-l10n:all 2.31-13+deb11u8
2024-03-16 08:00:42 status unpacked libc-l10n:all 2.31-13+deb11u8
2024-03-16 08:00:42 install locales:all <none> 2.31-13+deb11u8
2024-03-16 08:00:42 status half-installed locales:all 2.31-13+deb11u8
2024-03-16 08:00:42 status unpacked locales:all 2.31-13+deb11u8
2024-03-16 08:00:43 install ucf:all <none> 3.0043
2024-03-16 08:00:43 status half-installed ucf:all 3.0043
2024-03-16 08:00:43 status unpacked ucf:all 3.0043
2024-03-16 08:00:43 install clamav-base:all <none> 0.103.10+dfsg-0+deb11u1
2024-03-16 08:00:43 status half-installed clamav-base:all 0.103.10+dfsg-0+deb11u1
2024-03-16 08:00:43 status unpacked clamav-base:all 0.103.10+dfsg-0+deb11u1
2024-03-16 08:00:43 install libbrotli1:amd64 <none> 1.0.9-2+b2
2024-03-16 08:00:43 status half-installed libbrotli1:amd64 1.0.9-2+b2
2024-03-16 08:00:43 status unpacked libbrotli1:amd64 1.0.9-2+b2
2024-03-16 08:00:43 install libnghttp2-14:amd64 <none> 1.43.0-1+deb11u1
2024-03-16 08:00:43 status half-installed libnghttp2-14:amd64 1.43.0-1+deb11u1
2024-03-16 08:00:43 status unpacked libnghttp2-14:amd64 1.43.0-1+deb11u1
2024-03-16 08:00:43 install librtmp1:amd64 <none> 2.4+20151223.gitfa8646d.1-2+b2
2024-03-16 08:00:43 status half-installed librtmp1:amd64 2.4+20151223.gitfa8646d.1-2+b2
2024-03-16 08:00:43 status unpacked librtmp1:amd64 2.4+20151223.gitfa8646d.1-2+b2
2024-03-16 08:00:43 install libssh2-1:amd64 <none> 1.9.0-2
2024-03-16 08:00:43 status half-installed libssh2-1:amd64 1.9.0-2
2024-03-16 08:00:43 status unpacked libssh2-1:amd64 1.9.0-2
2024-03-16 08:00:43 install libcurl4:amd64 <none> 7.74.0-1.3+deb11u11
2024-03-16 08:00:43 status half-installed libcurl4:amd64 7.74.0-1.3+deb11u11
2024-03-16 08:00:43 status unpacked libcurl4:amd64 7.74.0-1.3+deb11u11
2024-03-16 08:00:43 install libjson-c5:amd64 <none> 0.15-2+deb11u1
2024-03-16 08:00:43 status half-installed libjson-c5:amd64 0.15-2+deb11u1
2024-03-16 08:00:43 status unpacked libjson-c5:amd64 0.15-2+deb11u1
2024-03-16 08:00:43 install libltdl7:amd64 <none> 2.4.6-15
2024-03-16 08:00:43 status half-installed libltdl7:amd64 2.4.6-15
2024-03-16 08:00:43 status unpacked libltdl7:amd64 2.4.6-15
2024-03-16 08:00:43 install libmspack0:amd64 <none> 0.10.1-2
2024-03-16 08:00:43 status half-installed libmspack0:amd64 0.10.1-2
2024-03-16 08:00:43 status unpacked libmspack0:amd64 0.10.1-2
2024-03-16 08:00:43 install libtfm1:amd64 <none> 0.13-4
2024-03-16 08:00:43 status half-installed libtfm1:amd64 0.13-4
2024-03-16 08:00:43 status unpacked libtfm1:amd64 0.13-4
2024-03-16 08:00:43 install libicu67:amd64 <none> 67.1-7
2024-03-16 08:00:43 status half-installed libicu67:amd64 67.1-7
2024-03-16 08:00:44 status unpacked libicu67:amd64 67.1-7
2024-03-16 08:00:44 install libxml2:amd64 <none> 2.9.10+dfsg-6.7+deb11u4
2024-03-16 08:00:44 status half-installed libxml2:amd64 2.9.10+dfsg-6.7+deb11u4
2024-03-16 08:00:45 status unpacked libxml2:amd64 2.9.10+dfsg-6.7+deb11u4
2024-03-16 08:00:45 install libclamav9:amd64 <none> 0.103.10+dfsg-0+deb11u1
2024-03-16 08:00:45 status half-installed libclamav9:amd64 0.103.10+dfsg-0+deb11u1
2024-03-16 08:00:45 status unpacked libclamav9:amd64 0.103.10+dfsg-0+deb11u1
2024-03-16 08:00:45 install clamav-freshclam:amd64 <none> 0.103.10+dfsg-0+deb11u1
2024-03-16 08:00:45 status half-installed clamav-freshclam:amd64 0.103.10+dfsg-0+deb11u1
2024-03-16 08:00:45 status unpacked clamav-freshclam:amd64 0.103.10+dfsg-0+deb11u1
2024-03-16 08:00:45 install clamav-daemon:amd64 <none> 0.103.10+dfsg-0+deb11u1
2024-03-16 08:00:45 status half-installed clamav-daemon:amd64 0.103.10+dfsg-0+deb11u1
2024-03-16 08:00:45 status unpacked clamav-daemon:amd64 0.103.10+dfsg-0+deb11u1
2024-03-16 08:00:45 install libarchive13:amd64 <none> 3.4.3-2+deb11u1
2024-03-16 08:00:45 status half-installed libarchive13:amd64 3.4.3-2+deb11u1
2024-03-16 08:00:45 status unpacked libarchive13:amd64 3.4.3-2+deb11u1
2024-03-16 08:00:45 install libarchive-tools:amd64 <none> 3.4.3-2+deb11u1
2024-03-16 08:00:45 status half-installed libarchive-tools:amd64 3.4.3-2+deb11u1
2024-03-16 08:00:45 status unpacked libarchive-tools:amd64 3.4.3-2+deb11u1
2024-03-16 08:00:45 install patch:amd64 <none> 2.7.6-7
2024-03-16 08:00:45 status half-installed patch:amd64 2.7.6-7
2024-03-16 08:00:45 status unpacked patch:amd64 2.7.6-7
2024-03-16 08:00:45 startup packages configure
2024-03-16 08:00:45 configure libc-l10n:all 2.31-13+deb11u8 <none>
2024-03-16 08:00:45 status unpacked libc-l10n:all 2.31-13+deb11u8
2024-03-16 08:00:45 status half-configured libc-l10n:all 2.31-13+deb11u8
2024-03-16 08:00:45 status installed libc-l10n:all 2.31-13+deb11u8
2024-03-16 08:00:45 configure libicu67:amd64 67.1-7 <none>
2024-03-16 08:00:45 status unpacked libicu67:amd64 67.1-7
2024-03-16 08:00:45 status half-configured libicu67:amd64 67.1-7
2024-03-16 08:00:45 status installed libicu67:amd64 67.1-7
2024-03-16 08:00:45 configure libestr0:amd64 0.1.10-2.1+b1 <none>
2024-03-16 08:00:45 status unpacked libestr0:amd64 0.1.10-2.1+b1
2024-03-16 08:00:45 status half-configured libestr0:amd64 0.1.10-2.1+b1
2024-03-16 08:00:45 status installed libestr0:amd64 0.1.10-2.1+b1
2024-03-16 08:00:45 configure libfastjson4:amd64 0.99.9-1 <none>
2024-03-16 08:00:45 status unpacked libfastjson4:amd64 0.99.9-1
2024-03-16 08:00:45 status half-configured libfastjson4:amd64 0.99.9-1
2024-03-16 08:00:45 status installed libfastjson4:amd64 0.99.9-1
2024-03-16 08:00:45 configure libbrotli1:amd64 1.0.9-2+b2 <none>
2024-03-16 08:00:45 status unpacked libbrotli1:amd64 1.0.9-2+b2
2024-03-16 08:00:45 status half-configured libbrotli1:amd64 1.0.9-2+b2
2024-03-16 08:00:45 status installed libbrotli1:amd64 1.0.9-2+b2
2024-03-16 08:00:45 configure libmspack0:amd64 0.10.1-2 <none>
2024-03-16 08:00:45 status unpacked libmspack0:amd64 0.10.1-2
2024-03-16 08:00:45 status half-configured libmspack0:amd64 0.10.1-2
2024-03-16 08:00:45 status installed libmspack0:amd64 0.10.1-2
2024-03-16 08:00:45 configure libtfm1:amd64 0.13-4 <none>
2024-03-16 08:00:45 status unpacked libtfm1:amd64 0.13-4
2024-03-16 08:00:45 status half-configured libtfm1:amd64 0.13-4
2024-03-16 08:00:45 status installed libtfm1:amd64 0.13-4
2024-03-16 08:00:45 configure libnghttp2-14:amd64 1.43.0-1+deb11u1 <none>
2024-03-16 08:00:45 status unpacked libnghttp2-14:amd64 1.43.0-1+deb11u1
2024-03-16 08:00:45 status half-configured libnghttp2-14:amd64 1.43.0-1+deb11u1
2024-03-16 08:00:45 status installed libnghttp2-14:amd64 1.43.0-1+deb11u1
2024-03-16 08:00:45 configure locales:all 2.31-13+deb11u8 <none>
2024-03-16 08:00:45 status unpacked locales:all 2.31-13+deb11u8
2024-03-16 08:00:45 status half-configured locales:all 2.31-13+deb11u8
2024-03-16 08:00:46 status installed locales:all 2.31-13+deb11u8
2024-03-16 08:00:46 configure librtmp1:amd64 2.4+20151223.gitfa8646d.1-2+b2 <none>
2024-03-16 08:00:46 status unpacked librtmp1:amd64 2.4+20151223.gitfa8646d.1-2+b2
2024-03-16 08:00:46 status half-configured librtmp1:amd64 2.4+20151223.gitfa8646d.1-2+b2
2024-03-16 08:00:46 status installed librtmp1:amd64 2.4+20151223.gitfa8646d.1-2+b2
2024-03-16 08:00:46 configure libncurses6:amd64 6.2+20201114-2+deb11u2 <none>
2024-03-16 08:00:46 status unpacked libncurses6:amd64 6.2+20201114-2+deb11u2
2024-03-16 08:00:46 status half-configured libncurses6:amd64 6.2+20201114-2+deb11u2
2024-03-16 08:00:46 status installed libncurses6:amd64 6.2+20201114-2+deb11u2
2024-03-16 08:00:46 configure patch:amd64 2.7.6-7 <none>
2024-03-16 08:00:46 status unpacked patch:amd64 2.7.6-7
2024-03-16 08:00:46 status half-configured patch:amd64 2.7.6-7
2024-03-16 08:00:46 status installed patch:amd64 2.7.6-7
2024-03-16 08:00:46 configure libltdl7:amd64 2.4.6-15 <none>
2024-03-16 08:00:46 status unpacked libltdl7:amd64 2.4.6-15
2024-03-16 08:00:46 status half-configured libltdl7:amd64 2.4.6-15
2024-03-16 08:00:46 status installed libltdl7:amd64 2.4.6-15
2024-03-16 08:00:46 configure liblognorm5:amd64 2.0.5-1.1 <none>
2024-03-16 08:00:46 status unpacked liblognorm5:amd64 2.0.5-1.1
2024-03-16 08:00:46 status half-configured liblognorm5:amd64 2.0.5-1.1
2024-03-16 08:00:46 status installed liblognorm5:amd64 2.0.5-1.1
2024-03-16 08:00:46 configure nano:amd64 5.4-2+deb11u2 <none>
2024-03-16 08:00:46 status unpacked nano:amd64 5.4-2+deb11u2
2024-03-16 08:00:46 status half-configured nano:amd64 5.4-2+deb11u2
2024-03-16 08:00:46 status installed nano:amd64 5.4-2+deb11u2
2024-03-16 08:00:46 configure sensible-utils:all 0.0.14 <none>
2024-03-16 08:00:46 status unpacked sensible-utils:all 0.0.14
2024-03-16 08:00:46 status half-configured sensible-utils:all 0.0.14
2024-03-16 08:00:46 status installed sensible-utils:all 0.0.14
2024-03-16 08:00:46 configure libssh2-1:amd64 1.9.0-2 <none>
2024-03-16 08:00:46 status unpacked libssh2-1:amd64 1.9.0-2
2024-03-16 08:00:46 status half-configured libssh2-1:amd64 1.9.0-2
2024-03-16 08:00:46 status installed libssh2-1:amd64 1.9.0-2
2024-03-16 08:00:46 configure libjson-c5:amd64 0.15-2+deb11u1 <none>
2024-03-16 08:00:46 status unpacked libjson-c5:amd64 0.15-2+deb11u1
2024-03-16 08:00:46 status half-configured libjson-c5:amd64 0.15-2+deb11u1
2024-03-16 08:00:46 status installed libjson-c5:amd64 0.15-2+deb11u1
2024-03-16 08:00:46 configure libxml2:amd64 2.9.10+dfsg-6.7+deb11u4 <none>
2024-03-16 08:00:46 status unpacked libxml2:amd64 2.9.10+dfsg-6.7+deb11u4
2024-03-16 08:00:46 status half-configured libxml2:amd64 2.9.10+dfsg-6.7+deb11u4
2024-03-16 08:00:46 status installed libxml2:amd64 2.9.10+dfsg-6.7+deb11u4
2024-03-16 08:00:46 configure libprocps8:amd64 2:3.3.17-5 <none>
2024-03-16 08:00:46 status unpacked libprocps8:amd64 2:3.3.17-5
2024-03-16 08:00:46 status half-configured libprocps8:amd64 2:3.3.17-5
2024-03-16 08:00:46 status installed libprocps8:amd64 2:3.3.17-5
2024-03-16 08:00:46 configure libpopt0:amd64 1.18-2 <none>
2024-03-16 08:00:46 status unpacked libpopt0:amd64 1.18-2
2024-03-16 08:00:46 status half-configured libpopt0:amd64 1.18-2
2024-03-16 08:00:46 status installed libpopt0:amd64 1.18-2
2024-03-16 08:00:46 configure libarchive13:amd64 3.4.3-2+deb11u1 <none>
2024-03-16 08:00:46 status unpacked libarchive13:amd64 3.4.3-2+deb11u1
2024-03-16 08:00:46 status half-configured libarchive13:amd64 3.4.3-2+deb11u1
2024-03-16 08:00:46 status installed libarchive13:amd64 3.4.3-2+deb11u1
2024-03-16 08:00:46 configure cron:amd64 3.0pl1-137 <none>
2024-03-16 08:00:46 status unpacked cron:amd64 3.0pl1-137
2024-03-16 08:00:46 status half-configured cron:amd64 3.0pl1-137
2024-03-16 08:00:47 status installed cron:amd64 3.0pl1-137
2024-03-16 08:00:47 configure rsyslog:amd64 8.2102.0-2+deb11u1 <none>
2024-03-16 08:00:47 status unpacked rsyslog:amd64 8.2102.0-2+deb11u1
2024-03-16 08:00:47 status half-configured rsyslog:amd64 8.2102.0-2+deb11u1
2024-03-16 08:00:47 status installed rsyslog:amd64 8.2102.0-2+deb11u1
2024-03-16 08:00:47 configure ucf:all 3.0043 <none>
2024-03-16 08:00:47 status unpacked ucf:all 3.0043
2024-03-16 08:00:47 status half-configured ucf:all 3.0043
2024-03-16 08:00:47 status installed ucf:all 3.0043
2024-03-16 08:00:47 configure procps:amd64 2:3.3.17-5 <none>
2024-03-16 08:00:47 status unpacked procps:amd64 2:3.3.17-5
2024-03-16 08:00:47 status half-configured procps:amd64 2:3.3.17-5
2024-03-16 08:00:47 status installed procps:amd64 2:3.3.17-5
2024-03-16 08:00:47 configure libcurl4:amd64 7.74.0-1.3+deb11u11 <none>
2024-03-16 08:00:47 status unpacked libcurl4:amd64 7.74.0-1.3+deb11u11
2024-03-16 08:00:47 status half-configured libcurl4:amd64 7.74.0-1.3+deb11u11
2024-03-16 08:00:47 status installed libcurl4:amd64 7.74.0-1.3+deb11u11
2024-03-16 08:00:47 configure logrotate:amd64 3.18.0-2+deb11u2 <none>
2024-03-16 08:00:47 status unpacked logrotate:amd64 3.18.0-2+deb11u2
2024-03-16 08:00:47 status half-configured logrotate:amd64 3.18.0-2+deb11u2
2024-03-16 08:00:47 status installed logrotate:amd64 3.18.0-2+deb11u2
2024-03-16 08:00:47 configure libarchive-tools:amd64 3.4.3-2+deb11u1 <none>
2024-03-16 08:00:47 status unpacked libarchive-tools:amd64 3.4.3-2+deb11u1
2024-03-16 08:00:47 status half-configured libarchive-tools:amd64 3.4.3-2+deb11u1
2024-03-16 08:00:47 status installed libarchive-tools:amd64 3.4.3-2+deb11u1
2024-03-16 08:00:47 configure libclamav9:amd64 0.103.10+dfsg-0+deb11u1 <none>
2024-03-16 08:00:47 status unpacked libclamav9:amd64 0.103.10+dfsg-0+deb11u1
2024-03-16 08:00:47 status half-configured libclamav9:amd64 0.103.10+dfsg-0+deb11u1
2024-03-16 08:00:47 status installed libclamav9:amd64 0.103.10+dfsg-0+deb11u1
2024-03-16 08:00:47 configure clamav-base:all 0.103.10+dfsg-0+deb11u1 <none>
2024-03-16 08:00:47 status unpacked clamav-base:all 0.103.10+dfsg-0+deb11u1
2024-03-16 08:00:47 status half-configured clamav-base:all 0.103.10+dfsg-0+deb11u1
2024-03-16 08:00:47 status installed clamav-base:all 0.103.10+dfsg-0+deb11u1
2024-03-16 08:00:47 configure clamav-freshclam:amd64 0.103.10+dfsg-0+deb11u1 <none>
2024-03-16 08:00:47 status unpacked clamav-freshclam:amd64 0.103.10+dfsg-0+deb11u1
2024-03-16 08:00:47 status half-configured clamav-freshclam:amd64 0.103.10+dfsg-0+deb11u1
2024-03-16 08:00:48 status installed clamav-freshclam:amd64 0.103.10+dfsg-0+deb11u1
2024-03-16 08:00:48 configure clamav-daemon:amd64 0.103.10+dfsg-0+deb11u1 <none>
2024-03-16 08:00:48 status unpacked clamav-daemon:amd64 0.103.10+dfsg-0+deb11u1
2024-03-16 08:00:48 status half-configured clamav-daemon:amd64 0.103.10+dfsg-0+deb11u1
2024-03-16 08:00:49 status installed clamav-daemon:amd64 0.103.10+dfsg-0+deb11u1
2024-03-16 08:00:49 trigproc libc-bin:amd64 2.31-13+deb11u8 <none>
2024-03-16 08:00:49 status half-configured libc-bin:amd64 2.31-13+deb11u8
2024-03-16 08:00:49 status installed libc-bin:amd64 2.31-13+deb11u8
2024-03-16 08:00:52 startup archives unpack
2024-03-16 08:00:52 install gsasl-common:all <none> 1.10.0-4+deb11u1
2024-03-16 08:00:52 status half-installed gsasl-common:all 1.10.0-4+deb11u1
2024-03-16 08:00:52 status unpacked gsasl-common:all 1.10.0-4+deb11u1
2024-03-16 08:00:52 install libidn11:amd64 <none> 1.33-3
2024-03-16 08:00:52 status triggers-pending libc-bin:amd64 2.31-13+deb11u8
2024-03-16 08:00:52 status half-installed libidn11:amd64 1.33-3
2024-03-16 08:00:52 status unpacked libidn11:amd64 1.33-3
2024-03-16 08:00:52 install libntlm0:amd64 <none> 1.6-3
2024-03-16 08:00:52 status half-installed libntlm0:amd64 1.6-3
2024-03-16 08:00:52 status unpacked libntlm0:amd64 1.6-3
2024-03-16 08:00:52 install libgsasl7:amd64 <none> 1.10.0-4+deb11u1
2024-03-16 08:00:52 status half-installed libgsasl7:amd64 1.10.0-4+deb11u1
2024-03-16 08:00:52 status unpacked libgsasl7:amd64 1.10.0-4+deb11u1
2024-03-16 08:00:52 install libglib2.0-0:amd64 <none> 2.66.8-1+deb11u1
2024-03-16 08:00:52 status half-installed libglib2.0-0:amd64 2.66.8-1+deb11u1
2024-03-16 08:00:52 status unpacked libglib2.0-0:amd64 2.66.8-1+deb11u1
2024-03-16 08:00:53 install libsecret-common:all <none> 0.20.4-2
2024-03-16 08:00:53 status half-installed libsecret-common:all 0.20.4-2
2024-03-16 08:00:53 status unpacked libsecret-common:all 0.20.4-2
2024-03-16 08:00:53 install libsecret-1-0:amd64 <none> 0.20.4-2
2024-03-16 08:00:53 status half-installed libsecret-1-0:amd64 0.20.4-2
2024-03-16 08:00:53 status unpacked libsecret-1-0:amd64 0.20.4-2
2024-03-16 08:00:53 install msmtp:amd64 <none> 1.8.11-2.1
2024-03-16 08:00:53 status half-installed msmtp:amd64 1.8.11-2.1
2024-03-16 08:00:53 status unpacked msmtp:amd64 1.8.11-2.1
2024-03-16 08:00:53 install msmtp-mta:amd64 <none> 1.8.11-2.1
2024-03-16 08:00:53 status half-installed msmtp-mta:amd64 1.8.11-2.1
2024-03-16 08:00:53 status unpacked msmtp-mta:amd64 1.8.11-2.1
2024-03-16 08:00:53 install libexttextcat-data:all <none> 3.4.5-1
2024-03-16 08:00:53 status half-installed libexttextcat-data:all 3.4.5-1
2024-03-16 08:00:53 status unpacked libexttextcat-data:all 3.4.5-1
2024-03-16 08:00:53 install libexttextcat-2.0-0:amd64 <none> 3.4.5-1
2024-03-16 08:00:53 status half-installed libexttextcat-2.0-0:amd64 3.4.5-1
2024-03-16 08:00:53 status unpacked libexttextcat-2.0-0:amd64 3.4.5-1
2024-03-16 08:00:53 install libsodium23:amd64 <none> 1.0.18-1
2024-03-16 08:00:53 status half-installed libsodium23:amd64 1.0.18-1
2024-03-16 08:00:53 status unpacked libsodium23:amd64 1.0.18-1
2024-03-16 08:00:53 install libstemmer0d:amd64 <none> 2.1.0-1
2024-03-16 08:00:53 status half-installed libstemmer0d:amd64 2.1.0-1
2024-03-16 08:00:53 status unpacked libstemmer0d:amd64 2.1.0-1
2024-03-16 08:00:53 install libwrap0:amd64 <none> 7.6.q-31
2024-03-16 08:00:53 status half-installed libwrap0:amd64 7.6.q-31
2024-03-16 08:00:53 status unpacked libwrap0:amd64 7.6.q-31
2024-03-16 08:00:53 install dovecot-core:amd64 <none> 2:2.3.21-1+debian11
2024-03-16 08:00:53 status half-installed dovecot-core:amd64 2:2.3.21-1+debian11
2024-03-16 08:00:54 status unpacked dovecot-core:amd64 2:2.3.21-1+debian11
2024-03-16 08:00:54 install dovecot-imapd:amd64 <none> 2:2.3.21-1+debian11
2024-03-16 08:00:54 status half-installed dovecot-imapd:amd64 2:2.3.21-1+debian11
2024-03-16 08:00:54 status unpacked dovecot-imapd:amd64 2:2.3.21-1+debian11
2024-03-16 08:00:54 install dovecot-lmtpd:amd64 <none> 2:2.3.21-1+debian11
2024-03-16 08:00:54 status half-installed dovecot-lmtpd:amd64 2:2.3.21-1+debian11
2024-03-16 08:00:54 status unpacked dovecot-lmtpd:amd64 2:2.3.21-1+debian11
2024-03-16 08:00:54 install dovecot-sieve:amd64 <none> 2:2.3.21-1+debian11
2024-03-16 08:00:54 status half-installed dovecot-sieve:amd64 2:2.3.21-1+debian11
2024-03-16 08:00:54 status unpacked dovecot-sieve:amd64 2:2.3.21-1+debian11
2024-03-16 08:00:54 install dovecot-managesieved:amd64 <none> 2:2.3.21-1+debian11
2024-03-16 08:00:54 status half-installed dovecot-managesieved:amd64 2:2.3.21-1+debian11
2024-03-16 08:00:54 status unpacked dovecot-managesieved:amd64 2:2.3.21-1+debian11
2024-03-16 08:00:54 install dovecot-pop3d:amd64 <none> 2:2.3.21-1+debian11
2024-03-16 08:00:54 status half-installed dovecot-pop3d:amd64 2:2.3.21-1+debian11
2024-03-16 08:00:54 status unpacked dovecot-pop3d:amd64 2:2.3.21-1+debian11
2024-03-16 08:00:54 install dovecot-sqlite:amd64 <none> 2:2.3.21-1+debian11
2024-03-16 08:00:54 status half-installed dovecot-sqlite:amd64 2:2.3.21-1+debian11
2024-03-16 08:00:54 status unpacked dovecot-sqlite:amd64 2:2.3.21-1+debian11
2024-03-16 08:00:54 startup packages configure
2024-03-16 08:00:54 configure libsodium23:amd64 1.0.18-1 <none>
2024-03-16 08:00:54 status unpacked libsodium23:amd64 1.0.18-1
2024-03-16 08:00:54 status half-configured libsodium23:amd64 1.0.18-1
2024-03-16 08:00:54 status installed libsodium23:amd64 1.0.18-1
2024-03-16 08:00:54 configure libglib2.0-0:amd64 2.66.8-1+deb11u1 <none>
2024-03-16 08:00:54 status unpacked libglib2.0-0:amd64 2.66.8-1+deb11u1
2024-03-16 08:00:54 status half-configured libglib2.0-0:amd64 2.66.8-1+deb11u1
2024-03-16 08:00:54 status installed libglib2.0-0:amd64 2.66.8-1+deb11u1
2024-03-16 08:00:54 configure libwrap0:amd64 7.6.q-31 <none>
2024-03-16 08:00:54 status unpacked libwrap0:amd64 7.6.q-31
2024-03-16 08:00:54 status half-configured libwrap0:amd64 7.6.q-31
2024-03-16 08:00:54 status installed libwrap0:amd64 7.6.q-31
2024-03-16 08:00:54 configure libntlm0:amd64 1.6-3 <none>
2024-03-16 08:00:54 status unpacked libntlm0:amd64 1.6-3
2024-03-16 08:00:54 status half-configured libntlm0:amd64 1.6-3
2024-03-16 08:00:54 status installed libntlm0:amd64 1.6-3
2024-03-16 08:00:54 configure libidn11:amd64 1.33-3 <none>
2024-03-16 08:00:54 status unpacked libidn11:amd64 1.33-3
2024-03-16 08:00:54 status half-configured libidn11:amd64 1.33-3
2024-03-16 08:00:54 status installed libidn11:amd64 1.33-3
2024-03-16 08:00:54 configure libexttextcat-data:all 3.4.5-1 <none>
2024-03-16 08:00:54 status unpacked libexttextcat-data:all 3.4.5-1
2024-03-16 08:00:54 status half-configured libexttextcat-data:all 3.4.5-1
2024-03-16 08:00:54 status installed libexttextcat-data:all 3.4.5-1
2024-03-16 08:00:54 configure libstemmer0d:amd64 2.1.0-1 <none>
2024-03-16 08:00:54 status unpacked libstemmer0d:amd64 2.1.0-1
2024-03-16 08:00:54 status half-configured libstemmer0d:amd64 2.1.0-1
2024-03-16 08:00:54 status installed libstemmer0d:amd64 2.1.0-1
2024-03-16 08:00:54 configure gsasl-common:all 1.10.0-4+deb11u1 <none>
2024-03-16 08:00:54 status unpacked gsasl-common:all 1.10.0-4+deb11u1
2024-03-16 08:00:54 status half-configured gsasl-common:all 1.10.0-4+deb11u1
2024-03-16 08:00:54 status installed gsasl-common:all 1.10.0-4+deb11u1
2024-03-16 08:00:54 configure libsecret-common:all 0.20.4-2 <none>
2024-03-16 08:00:54 status unpacked libsecret-common:all 0.20.4-2
2024-03-16 08:00:54 status half-configured libsecret-common:all 0.20.4-2
2024-03-16 08:00:54 status installed libsecret-common:all 0.20.4-2
2024-03-16 08:00:54 configure libexttextcat-2.0-0:amd64 3.4.5-1 <none>
2024-03-16 08:00:54 status unpacked libexttextcat-2.0-0:amd64 3.4.5-1
2024-03-16 08:00:54 status half-configured libexttextcat-2.0-0:amd64 3.4.5-1
2024-03-16 08:00:54 status installed libexttextcat-2.0-0:amd64 3.4.5-1
2024-03-16 08:00:54 configure libgsasl7:amd64 1.10.0-4+deb11u1 <none>
2024-03-16 08:00:54 status unpacked libgsasl7:amd64 1.10.0-4+deb11u1
2024-03-16 08:00:54 status half-configured libgsasl7:amd64 1.10.0-4+deb11u1
2024-03-16 08:00:54 status installed libgsasl7:amd64 1.10.0-4+deb11u1
2024-03-16 08:00:54 configure libsecret-1-0:amd64 0.20.4-2 <none>
2024-03-16 08:00:54 status unpacked libsecret-1-0:amd64 0.20.4-2
2024-03-16 08:00:54 status half-configured libsecret-1-0:amd64 0.20.4-2
2024-03-16 08:00:54 status installed libsecret-1-0:amd64 0.20.4-2
2024-03-16 08:00:54 configure dovecot-core:amd64 2:2.3.21-1+debian11 <none>
2024-03-16 08:00:54 status unpacked dovecot-core:amd64 2:2.3.21-1+debian11
2024-03-16 08:00:54 status half-configured dovecot-core:amd64 2:2.3.21-1+debian11
2024-03-16 08:01:03 status installed dovecot-core:amd64 2:2.3.21-1+debian11
2024-03-16 08:01:03 configure dovecot-imapd:amd64 2:2.3.21-1+debian11 <none>
2024-03-16 08:01:03 status triggers-pending dovecot-core:amd64 2:2.3.21-1+debian11
2024-03-16 08:01:03 status unpacked dovecot-imapd:amd64 2:2.3.21-1+debian11
2024-03-16 08:01:03 status half-configured dovecot-imapd:amd64 2:2.3.21-1+debian11
2024-03-16 08:01:04 status triggers-awaited dovecot-imapd:amd64 2:2.3.21-1+debian11
2024-03-16 08:01:04 configure msmtp:amd64 1.8.11-2.1 <none>
2024-03-16 08:01:04 status unpacked msmtp:amd64 1.8.11-2.1
2024-03-16 08:01:04 status half-configured msmtp:amd64 1.8.11-2.1
2024-03-16 08:01:04 status installed msmtp:amd64 1.8.11-2.1
2024-03-16 08:01:04 configure dovecot-sieve:amd64 2:2.3.21-1+debian11 <none>
2024-03-16 08:01:04 status unpacked dovecot-sieve:amd64 2:2.3.21-1+debian11
2024-03-16 08:01:04 status half-configured dovecot-sieve:amd64 2:2.3.21-1+debian11
2024-03-16 08:01:05 status triggers-awaited dovecot-sieve:amd64 2:2.3.21-1+debian11
2024-03-16 08:01:05 configure dovecot-pop3d:amd64 2:2.3.21-1+debian11 <none>
2024-03-16 08:01:05 status unpacked dovecot-pop3d:amd64 2:2.3.21-1+debian11
2024-03-16 08:01:05 status half-configured dovecot-pop3d:amd64 2:2.3.21-1+debian11
2024-03-16 08:01:05 status triggers-awaited dovecot-pop3d:amd64 2:2.3.21-1+debian11
2024-03-16 08:01:05 configure dovecot-lmtpd:amd64 2:2.3.21-1+debian11 <none>
2024-03-16 08:01:05 status unpacked dovecot-lmtpd:amd64 2:2.3.21-1+debian11
2024-03-16 08:01:05 status half-configured dovecot-lmtpd:amd64 2:2.3.21-1+debian11
2024-03-16 08:01:05 status triggers-awaited dovecot-lmtpd:amd64 2:2.3.21-1+debian11
2024-03-16 08:01:05 configure msmtp-mta:amd64 1.8.11-2.1 <none>
2024-03-16 08:01:05 status unpacked msmtp-mta:amd64 1.8.11-2.1
2024-03-16 08:01:05 status half-configured msmtp-mta:amd64 1.8.11-2.1
2024-03-16 08:01:05 status installed msmtp-mta:amd64 1.8.11-2.1
2024-03-16 08:01:05 configure dovecot-sqlite:amd64 2:2.3.21-1+debian11 <none>
2024-03-16 08:01:05 status unpacked dovecot-sqlite:amd64 2:2.3.21-1+debian11
2024-03-16 08:01:05 status half-configured dovecot-sqlite:amd64 2:2.3.21-1+debian11
2024-03-16 08:01:05 status triggers-awaited dovecot-sqlite:amd64 2:2.3.21-1+debian11
2024-03-16 08:01:05 trigproc libc-bin:amd64 2.31-13+deb11u8 <none>
2024-03-16 08:01:05 status half-configured libc-bin:amd64 2.31-13+deb11u8
2024-03-16 08:01:05 status installed libc-bin:amd64 2.31-13+deb11u8
2024-03-16 08:01:05 trigproc dovecot-core:amd64 2:2.3.21-1+debian11 <none>
2024-03-16 08:01:05 status half-configured dovecot-core:amd64 2:2.3.21-1+debian11
2024-03-16 08:01:05 status installed dovecot-sqlite:amd64 2:2.3.21-1+debian11
2024-03-16 08:01:05 status installed dovecot-lmtpd:amd64 2:2.3.21-1+debian11
2024-03-16 08:01:05 status installed dovecot-pop3d:amd64 2:2.3.21-1+debian11
2024-03-16 08:01:05 status installed dovecot-sieve:amd64 2:2.3.21-1+debian11
2024-03-16 08:01:05 status installed dovecot-imapd:amd64 2:2.3.21-1+debian11
2024-03-16 08:01:06 status installed dovecot-core:amd64 2:2.3.21-1+debian11
2024-03-16 08:01:06 configure dovecot-managesieved:amd64 2:2.3.21-1+debian11 <none>
2024-03-16 08:01:06 status triggers-pending dovecot-core:amd64 2:2.3.21-1+debian11
2024-03-16 08:01:06 status unpacked dovecot-managesieved:amd64 2:2.3.21-1+debian11
2024-03-16 08:01:06 status half-configured dovecot-managesieved:amd64 2:2.3.21-1+debian11
2024-03-16 08:01:06 status triggers-awaited dovecot-managesieved:amd64 2:2.3.21-1+debian11
2024-03-16 08:01:06 trigproc dovecot-core:amd64 2:2.3.21-1+debian11 <none>
2024-03-16 08:01:06 status half-configured dovecot-core:amd64 2:2.3.21-1+debian11
2024-03-16 08:01:06 status installed dovecot-managesieved:amd64 2:2.3.21-1+debian11
2024-03-16 08:01:06 status installed dovecot-core:amd64 2:2.3.21-1+debian11
2024-03-16 08:01:08 startup archives unpack
2024-03-16 08:01:08 install libhyperscan5:amd64 <none> 5.4.0-2
2024-03-16 08:01:08 status triggers-pending libc-bin:amd64 2.31-13+deb11u8
2024-03-16 08:01:08 status half-installed libhyperscan5:amd64 5.4.0-2
2024-03-16 08:01:09 status unpacked libhyperscan5:amd64 5.4.0-2
2024-03-16 08:01:09 install binutils-common:amd64 <none> 2.35.2-2
2024-03-16 08:01:09 status half-installed binutils-common:amd64 2.35.2-2
2024-03-16 08:01:09 status unpacked binutils-common:amd64 2.35.2-2
2024-03-16 08:01:09 install libbinutils:amd64 <none> 2.35.2-2
2024-03-16 08:01:09 status half-installed libbinutils:amd64 2.35.2-2
2024-03-16 08:01:09 status unpacked libbinutils:amd64 2.35.2-2
2024-03-16 08:01:09 install rspamd:amd64 <none> 3.8.4-1~93fa4f6dc~bullseye
2024-03-16 08:01:09 status half-installed rspamd:amd64 3.8.4-1~93fa4f6dc~bullseye
2024-03-16 08:01:10 status unpacked rspamd:amd64 3.8.4-1~93fa4f6dc~bullseye
2024-03-16 08:01:10 startup packages configure
2024-03-16 08:01:10 configure binutils-common:amd64 2.35.2-2 <none>
2024-03-16 08:01:10 status unpacked binutils-common:amd64 2.35.2-2
2024-03-16 08:01:10 status half-configured binutils-common:amd64 2.35.2-2
2024-03-16 08:01:10 status installed binutils-common:amd64 2.35.2-2
2024-03-16 08:01:10 configure libhyperscan5:amd64 5.4.0-2 <none>
2024-03-16 08:01:10 status unpacked libhyperscan5:amd64 5.4.0-2
2024-03-16 08:01:10 status half-configured libhyperscan5:amd64 5.4.0-2
2024-03-16 08:01:10 status installed libhyperscan5:amd64 5.4.0-2
2024-03-16 08:01:10 configure libbinutils:amd64 2.35.2-2 <none>
2024-03-16 08:01:10 status unpacked libbinutils:amd64 2.35.2-2
2024-03-16 08:01:10 status half-configured libbinutils:amd64 2.35.2-2
2024-03-16 08:01:10 status installed libbinutils:amd64 2.35.2-2
2024-03-16 08:01:10 configure rspamd:amd64 3.8.4-1~93fa4f6dc~bullseye <none>
2024-03-16 08:01:10 status unpacked rspamd:amd64 3.8.4-1~93fa4f6dc~bullseye
2024-03-16 08:01:10 status half-configured rspamd:amd64 3.8.4-1~93fa4f6dc~bullseye
2024-03-16 08:01:10 status installed rspamd:amd64 3.8.4-1~93fa4f6dc~bullseye
2024-03-16 08:01:10 trigproc libc-bin:amd64 2.31-13+deb11u8 <none>
2024-03-16 08:01:10 status half-configured libc-bin:amd64 2.31-13+deb11u8
2024-03-16 08:01:10 status installed libc-bin:amd64 2.31-13+deb11u8
2024-03-16 08:01:12 startup archives unpack
2024-03-16 08:01:12 install sqlite3:amd64 <none> 3.34.1-3
2024-03-16 08:01:12 status half-installed sqlite3:amd64 3.34.1-3
2024-03-16 08:01:12 status unpacked sqlite3:amd64 3.34.1-3
2024-03-16 08:01:12 startup packages configure
2024-03-16 08:01:12 configure sqlite3:amd64 3.34.1-3 <none>
2024-03-16 08:01:12 status unpacked sqlite3:amd64 3.34.1-3
2024-03-16 08:01:12 status half-configured sqlite3:amd64 3.34.1-3
2024-03-16 08:01:12 status installed sqlite3:amd64 3.34.1-3
2024-03-16 08:01:14 startup archives unpack
2024-03-16 08:01:14 install libuv1:amd64 <none> 1.40.0-2+deb11u1
2024-03-16 08:01:14 status triggers-pending libc-bin:amd64 2.31-13+deb11u8
2024-03-16 08:01:14 status half-installed libuv1:amd64 1.40.0-2+deb11u1
2024-03-16 08:01:14 status unpacked libuv1:amd64 1.40.0-2+deb11u1
2024-03-16 08:01:14 install libfstrm0:amd64 <none> 0.6.0-1+b1
2024-03-16 08:01:14 status half-installed libfstrm0:amd64 0.6.0-1+b1
2024-03-16 08:01:14 status unpacked libfstrm0:amd64 0.6.0-1+b1
2024-03-16 08:01:14 install liblmdb0:amd64 <none> 0.9.24-1
2024-03-16 08:01:14 status half-installed liblmdb0:amd64 0.9.24-1
2024-03-16 08:01:14 status unpacked liblmdb0:amd64 0.9.24-1
2024-03-16 08:01:14 install libmaxminddb0:amd64 <none> 1.5.2-1
2024-03-16 08:01:14 status half-installed libmaxminddb0:amd64 1.5.2-1
2024-03-16 08:01:14 status unpacked libmaxminddb0:amd64 1.5.2-1
2024-03-16 08:01:14 install libprotobuf-c1:amd64 <none> 1.3.3-1+b2
2024-03-16 08:01:14 status half-installed libprotobuf-c1:amd64 1.3.3-1+b2
2024-03-16 08:01:14 status unpacked libprotobuf-c1:amd64 1.3.3-1+b2
2024-03-16 08:01:14 install bind9-libs:amd64 <none> 1:9.16.48-1
2024-03-16 08:01:14 status half-installed bind9-libs:amd64 1:9.16.48-1
2024-03-16 08:01:14 status unpacked bind9-libs:amd64 1:9.16.48-1
2024-03-16 08:01:14 install bind9-host:amd64 <none> 1:9.16.48-1
2024-03-16 08:01:14 status half-installed bind9-host:amd64 1:9.16.48-1
2024-03-16 08:01:14 status unpacked bind9-host:amd64 1:9.16.48-1
2024-03-16 08:01:14 install libmd0:amd64 <none> 1.0.3-3
2024-03-16 08:01:14 status half-installed libmd0:amd64 1.0.3-3
2024-03-16 08:01:14 status unpacked libmd0:amd64 1.0.3-3
2024-03-16 08:01:14 install libbsd0:amd64 <none> 0.11.3-1+deb11u1
2024-03-16 08:01:14 status half-installed libbsd0:amd64 0.11.3-1+deb11u1
2024-03-16 08:01:15 status unpacked libbsd0:amd64 0.11.3-1+deb11u1
2024-03-16 08:01:15 install libedit2:amd64 <none> 3.1-20191231-2+b1
2024-03-16 08:01:15 status half-installed libedit2:amd64 3.1-20191231-2+b1
2024-03-16 08:01:15 status unpacked libedit2:amd64 3.1-20191231-2+b1
2024-03-16 08:01:15 install bind9-dnsutils:amd64 <none> 1:9.16.48-1
2024-03-16 08:01:15 status half-installed bind9-dnsutils:amd64 1:9.16.48-1
2024-03-16 08:01:15 status unpacked bind9-dnsutils:amd64 1:9.16.48-1
2024-03-16 08:01:15 install dnsutils:all <none> 1:9.16.48-1
2024-03-16 08:01:15 status half-installed dnsutils:all 1:9.16.48-1
2024-03-16 08:01:15 status unpacked dnsutils:all 1:9.16.48-1
2024-03-16 08:01:15 install mpack:amd64 <none> 1.6-17
2024-03-16 08:01:15 status half-installed mpack:amd64 1.6-17
2024-03-16 08:01:15 status unpacked mpack:amd64 1.6-17
2024-03-16 08:01:15 install net-tools:amd64 <none> 1.60+git20181103.0eebece-1
2024-03-16 08:01:15 status half-installed net-tools:amd64 1.60+git20181103.0eebece-1
2024-03-16 08:01:15 status unpacked net-tools:amd64 1.60+git20181103.0eebece-1
2024-03-16 08:01:15 install psmisc:amd64 <none> 23.4-2
2024-03-16 08:01:15 status half-installed psmisc:amd64 23.4-2
2024-03-16 08:01:15 status unpacked psmisc:amd64 23.4-2
2024-03-16 08:01:15 install sudo:amd64 <none> 1.9.5p2-3+deb11u1
2024-03-16 08:01:15 status half-installed sudo:amd64 1.9.5p2-3+deb11u1
2024-03-16 08:01:15 status unpacked sudo:amd64 1.9.5p2-3+deb11u1
2024-03-16 08:01:15 install unzip:amd64 <none> 6.0-26+deb11u1
2024-03-16 08:01:15 status half-installed unzip:amd64 6.0-26+deb11u1
2024-03-16 08:01:15 status unpacked unzip:amd64 6.0-26+deb11u1
2024-03-16 08:01:15 startup packages configure
2024-03-16 08:01:15 configure liblmdb0:amd64 0.9.24-1 <none>
2024-03-16 08:01:15 status unpacked liblmdb0:amd64 0.9.24-1
2024-03-16 08:01:15 status half-configured liblmdb0:amd64 0.9.24-1
2024-03-16 08:01:15 status installed liblmdb0:amd64 0.9.24-1
2024-03-16 08:01:15 configure net-tools:amd64 1.60+git20181103.0eebece-1 <none>
2024-03-16 08:01:15 status unpacked net-tools:amd64 1.60+git20181103.0eebece-1
2024-03-16 08:01:15 status half-configured net-tools:amd64 1.60+git20181103.0eebece-1
2024-03-16 08:01:15 status installed net-tools:amd64 1.60+git20181103.0eebece-1
2024-03-16 08:01:15 configure mpack:amd64 1.6-17 <none>
2024-03-16 08:01:15 status unpacked mpack:amd64 1.6-17
2024-03-16 08:01:15 status half-configured mpack:amd64 1.6-17
2024-03-16 08:01:15 status installed mpack:amd64 1.6-17
2024-03-16 08:01:15 configure psmisc:amd64 23.4-2 <none>
2024-03-16 08:01:15 status unpacked psmisc:amd64 23.4-2
2024-03-16 08:01:15 status half-configured psmisc:amd64 23.4-2
2024-03-16 08:01:15 status installed psmisc:amd64 23.4-2
2024-03-16 08:01:15 configure libmaxminddb0:amd64 1.5.2-1 <none>
2024-03-16 08:01:15 status unpacked libmaxminddb0:amd64 1.5.2-1
2024-03-16 08:01:15 status half-configured libmaxminddb0:amd64 1.5.2-1
2024-03-16 08:01:15 status installed libmaxminddb0:amd64 1.5.2-1
2024-03-16 08:01:15 configure unzip:amd64 6.0-26+deb11u1 <none>
2024-03-16 08:01:15 status unpacked unzip:amd64 6.0-26+deb11u1
2024-03-16 08:01:15 status half-configured unzip:amd64 6.0-26+deb11u1
2024-03-16 08:01:15 status installed unzip:amd64 6.0-26+deb11u1
2024-03-16 08:01:15 configure libfstrm0:amd64 0.6.0-1+b1 <none>
2024-03-16 08:01:15 status unpacked libfstrm0:amd64 0.6.0-1+b1
2024-03-16 08:01:15 status half-configured libfstrm0:amd64 0.6.0-1+b1
2024-03-16 08:01:15 status installed libfstrm0:amd64 0.6.0-1+b1
2024-03-16 08:01:15 configure libprotobuf-c1:amd64 1.3.3-1+b2 <none>
2024-03-16 08:01:15 status unpacked libprotobuf-c1:amd64 1.3.3-1+b2
2024-03-16 08:01:15 status half-configured libprotobuf-c1:amd64 1.3.3-1+b2
2024-03-16 08:01:15 status installed libprotobuf-c1:amd64 1.3.3-1+b2
2024-03-16 08:01:15 configure libuv1:amd64 1.40.0-2+deb11u1 <none>
2024-03-16 08:01:15 status unpacked libuv1:amd64 1.40.0-2+deb11u1
2024-03-16 08:01:15 status half-configured libuv1:amd64 1.40.0-2+deb11u1
2024-03-16 08:01:15 status installed libuv1:amd64 1.40.0-2+deb11u1
2024-03-16 08:01:15 configure sudo:amd64 1.9.5p2-3+deb11u1 <none>
2024-03-16 08:01:15 status unpacked sudo:amd64 1.9.5p2-3+deb11u1
2024-03-16 08:01:15 status half-configured sudo:amd64 1.9.5p2-3+deb11u1
2024-03-16 08:01:15 status installed sudo:amd64 1.9.5p2-3+deb11u1
2024-03-16 08:01:15 configure libmd0:amd64 1.0.3-3 <none>
2024-03-16 08:01:15 status unpacked libmd0:amd64 1.0.3-3
2024-03-16 08:01:15 status half-configured libmd0:amd64 1.0.3-3
2024-03-16 08:01:15 status installed libmd0:amd64 1.0.3-3
2024-03-16 08:01:15 configure libbsd0:amd64 0.11.3-1+deb11u1 <none>
2024-03-16 08:01:15 status unpacked libbsd0:amd64 0.11.3-1+deb11u1
2024-03-16 08:01:15 status half-configured libbsd0:amd64 0.11.3-1+deb11u1
2024-03-16 08:01:15 status installed libbsd0:amd64 0.11.3-1+deb11u1
2024-03-16 08:01:15 configure bind9-libs:amd64 1:9.16.48-1 <none>
2024-03-16 08:01:15 status unpacked bind9-libs:amd64 1:9.16.48-1
2024-03-16 08:01:15 status half-configured bind9-libs:amd64 1:9.16.48-1
2024-03-16 08:01:15 status installed bind9-libs:amd64 1:9.16.48-1
2024-03-16 08:01:15 configure libedit2:amd64 3.1-20191231-2+b1 <none>
2024-03-16 08:01:15 status unpacked libedit2:amd64 3.1-20191231-2+b1
2024-03-16 08:01:15 status half-configured libedit2:amd64 3.1-20191231-2+b1
2024-03-16 08:01:15 status installed libedit2:amd64 3.1-20191231-2+b1
2024-03-16 08:01:15 configure bind9-host:amd64 1:9.16.48-1 <none>
2024-03-16 08:01:15 status unpacked bind9-host:amd64 1:9.16.48-1
2024-03-16 08:01:15 status half-configured bind9-host:amd64 1:9.16.48-1
2024-03-16 08:01:15 status installed bind9-host:amd64 1:9.16.48-1
2024-03-16 08:01:15 configure bind9-dnsutils:amd64 1:9.16.48-1 <none>
2024-03-16 08:01:15 status unpacked bind9-dnsutils:amd64 1:9.16.48-1
2024-03-16 08:01:15 status half-configured bind9-dnsutils:amd64 1:9.16.48-1
2024-03-16 08:01:15 status installed bind9-dnsutils:amd64 1:9.16.48-1
2024-03-16 08:01:15 configure dnsutils:all 1:9.16.48-1 <none>
2024-03-16 08:01:15 status unpacked dnsutils:all 1:9.16.48-1
2024-03-16 08:01:15 status half-configured dnsutils:all 1:9.16.48-1
2024-03-16 08:01:15 status installed dnsutils:all 1:9.16.48-1
2024-03-16 08:01:15 trigproc libc-bin:amd64 2.31-13+deb11u8 <none>
2024-03-16 08:01:15 status half-configured libc-bin:amd64 2.31-13+deb11u8
2024-03-16 08:01:15 status installed libc-bin:amd64 2.31-13+deb11u8
2024-03-16 08:01:16 startup archives unpack
2024-03-16 08:01:17 install libatomic1:amd64 <none> 10.2.1-6
2024-03-16 08:01:17 status triggers-pending libc-bin:amd64 2.31-13+deb11u8
2024-03-16 08:01:17 status half-installed libatomic1:amd64 10.2.1-6
2024-03-16 08:01:17 status unpacked libatomic1:amd64 10.2.1-6
2024-03-16 08:01:17 install libjemalloc2:amd64 <none> 5.2.1-3
2024-03-16 08:01:17 status half-installed libjemalloc2:amd64 5.2.1-3
2024-03-16 08:01:17 status unpacked libjemalloc2:amd64 5.2.1-3
2024-03-16 08:01:17 install liblua5.1-0:amd64 <none> 5.1.5-8.1+b3
2024-03-16 08:01:17 status half-installed liblua5.1-0:amd64 5.1.5-8.1+b3
2024-03-16 08:01:17 status unpacked liblua5.1-0:amd64 5.1.5-8.1+b3
2024-03-16 08:01:17 install liblzf1:amd64 <none> 3.6-3
2024-03-16 08:01:17 status half-installed liblzf1:amd64 3.6-3
2024-03-16 08:01:17 status unpacked liblzf1:amd64 3.6-3
2024-03-16 08:01:17 install lua-bitop:amd64 <none> 1.0.2-5
2024-03-16 08:01:17 status half-installed lua-bitop:amd64 1.0.2-5
2024-03-16 08:01:17 status unpacked lua-bitop:amd64 1.0.2-5
2024-03-16 08:01:17 install lua-cjson:amd64 <none> 2.1.0+dfsg-2.1
2024-03-16 08:01:17 status half-installed lua-cjson:amd64 2.1.0+dfsg-2.1
2024-03-16 08:01:17 status unpacked lua-cjson:amd64 2.1.0+dfsg-2.1
2024-03-16 08:01:17 install redis-tools:amd64 <none> 5:6.0.16-1+deb11u2
2024-03-16 08:01:17 status half-installed redis-tools:amd64 5:6.0.16-1+deb11u2
2024-03-16 08:01:17 status unpacked redis-tools:amd64 5:6.0.16-1+deb11u2
2024-03-16 08:01:17 install redis-server:amd64 <none> 5:6.0.16-1+deb11u2
2024-03-16 08:01:17 status half-installed redis-server:amd64 5:6.0.16-1+deb11u2
2024-03-16 08:01:17 status unpacked redis-server:amd64 5:6.0.16-1+deb11u2
2024-03-16 08:01:17 startup packages configure
2024-03-16 08:01:17 configure libjemalloc2:amd64 5.2.1-3 <none>
2024-03-16 08:01:17 status unpacked libjemalloc2:amd64 5.2.1-3
2024-03-16 08:01:17 status half-configured libjemalloc2:amd64 5.2.1-3
2024-03-16 08:01:17 status installed libjemalloc2:amd64 5.2.1-3
2024-03-16 08:01:17 configure lua-cjson:amd64 2.1.0+dfsg-2.1 <none>
2024-03-16 08:01:17 status unpacked lua-cjson:amd64 2.1.0+dfsg-2.1
2024-03-16 08:01:17 status half-configured lua-cjson:amd64 2.1.0+dfsg-2.1
2024-03-16 08:01:17 status installed lua-cjson:amd64 2.1.0+dfsg-2.1
2024-03-16 08:01:17 configure liblzf1:amd64 3.6-3 <none>
2024-03-16 08:01:17 status unpacked liblzf1:amd64 3.6-3
2024-03-16 08:01:17 status half-configured liblzf1:amd64 3.6-3
2024-03-16 08:01:17 status installed liblzf1:amd64 3.6-3
2024-03-16 08:01:17 configure libatomic1:amd64 10.2.1-6 <none>
2024-03-16 08:01:17 status unpacked libatomic1:amd64 10.2.1-6
2024-03-16 08:01:17 status half-configured libatomic1:amd64 10.2.1-6
2024-03-16 08:01:17 status installed libatomic1:amd64 10.2.1-6
2024-03-16 08:01:17 configure lua-bitop:amd64 1.0.2-5 <none>
2024-03-16 08:01:17 status unpacked lua-bitop:amd64 1.0.2-5
2024-03-16 08:01:17 status half-configured lua-bitop:amd64 1.0.2-5
2024-03-16 08:01:17 status installed lua-bitop:amd64 1.0.2-5
2024-03-16 08:01:17 configure liblua5.1-0:amd64 5.1.5-8.1+b3 <none>
2024-03-16 08:01:17 status unpacked liblua5.1-0:amd64 5.1.5-8.1+b3
2024-03-16 08:01:17 status half-configured liblua5.1-0:amd64 5.1.5-8.1+b3
2024-03-16 08:01:17 status installed liblua5.1-0:amd64 5.1.5-8.1+b3
2024-03-16 08:01:17 configure redis-tools:amd64 5:6.0.16-1+deb11u2 <none>
2024-03-16 08:01:17 status unpacked redis-tools:amd64 5:6.0.16-1+deb11u2
2024-03-16 08:01:17 status half-configured redis-tools:amd64 5:6.0.16-1+deb11u2
2024-03-16 08:01:17 status installed redis-tools:amd64 5:6.0.16-1+deb11u2
2024-03-16 08:01:17 configure redis-server:amd64 5:6.0.16-1+deb11u2 <none>
2024-03-16 08:01:17 status unpacked redis-server:amd64 5:6.0.16-1+deb11u2
2024-03-16 08:01:17 status half-configured redis-server:amd64 5:6.0.16-1+deb11u2
2024-03-16 08:01:17 status installed redis-server:amd64 5:6.0.16-1+deb11u2
2024-03-16 08:01:17 trigproc libc-bin:amd64 2.31-13+deb11u8 <none>
2024-03-16 08:01:17 status half-configured libc-bin:amd64 2.31-13+deb11u8
2024-03-16 08:01:17 status installed libc-bin:amd64 2.31-13+deb11u8
2024-03-16 08:01:19 startup archives unpack
2024-03-16 08:01:19 install libdbus-1-3:amd64 <none> 1.12.28-0+deb11u1
2024-03-16 08:01:19 status triggers-pending libc-bin:amd64 2.31-13+deb11u8
2024-03-16 08:01:19 status half-installed libdbus-1-3:amd64 1.12.28-0+deb11u1
2024-03-16 08:01:19 status unpacked libdbus-1-3:amd64 1.12.28-0+deb11u1
2024-03-16 08:01:19 install libpcap0.8:amd64 <none> 1.10.0-2
2024-03-16 08:01:19 status half-installed libpcap0.8:amd64 1.10.0-2
2024-03-16 08:01:19 status unpacked libpcap0.8:amd64 1.10.0-2
2024-03-16 08:01:19 install p0f:amd64 <none> 3.09b-3
2024-03-16 08:01:19 status half-installed p0f:amd64 3.09b-3
2024-03-16 08:01:19 status unpacked p0f:amd64 3.09b-3
2024-03-16 08:01:19 startup packages configure
2024-03-16 08:01:19 configure libdbus-1-3:amd64 1.12.28-0+deb11u1 <none>
2024-03-16 08:01:19 status unpacked libdbus-1-3:amd64 1.12.28-0+deb11u1
2024-03-16 08:01:19 status half-configured libdbus-1-3:amd64 1.12.28-0+deb11u1
2024-03-16 08:01:19 status installed libdbus-1-3:amd64 1.12.28-0+deb11u1
2024-03-16 08:01:19 configure libpcap0.8:amd64 1.10.0-2 <none>
2024-03-16 08:01:19 status unpacked libpcap0.8:amd64 1.10.0-2
2024-03-16 08:01:19 status half-configured libpcap0.8:amd64 1.10.0-2
2024-03-16 08:01:19 status installed libpcap0.8:amd64 1.10.0-2
2024-03-16 08:01:19 configure p0f:amd64 3.09b-3 <none>
2024-03-16 08:01:19 status unpacked p0f:amd64 3.09b-3
2024-03-16 08:01:19 status half-configured p0f:amd64 3.09b-3
2024-03-16 08:01:19 status installed p0f:amd64 3.09b-3
2024-03-16 08:01:19 trigproc libc-bin:amd64 2.31-13+deb11u8 <none>
2024-03-16 08:01:19 status half-configured libc-bin:amd64 2.31-13+deb11u8
2024-03-16 08:01:19 status installed libc-bin:amd64 2.31-13+deb11u8
2024-03-16 08:01:21 startup archives unpack
2024-03-16 08:01:21 install curl:amd64 <none> 7.74.0-1.3+deb11u11
2024-03-16 08:01:21 status half-installed curl:amd64 7.74.0-1.3+deb11u11
2024-03-16 08:01:21 status unpacked curl:amd64 7.74.0-1.3+deb11u11
2024-03-16 08:01:21 install netcat-openbsd:amd64 <none> 1.217-3
2024-03-16 08:01:21 status half-installed netcat-openbsd:amd64 1.217-3
2024-03-16 08:01:21 status unpacked netcat-openbsd:amd64 1.217-3
2024-03-16 08:01:21 startup packages configure
2024-03-16 08:01:21 configure netcat-openbsd:amd64 1.217-3 <none>
2024-03-16 08:01:21 status unpacked netcat-openbsd:amd64 1.217-3
2024-03-16 08:01:21 status half-configured netcat-openbsd:amd64 1.217-3
2024-03-16 08:01:21 status installed netcat-openbsd:amd64 1.217-3
2024-03-16 08:01:21 configure curl:amd64 7.74.0-1.3+deb11u11 <none>
2024-03-16 08:01:21 status unpacked curl:amd64 7.74.0-1.3+deb11u11
2024-03-16 08:01:21 status half-configured curl:amd64 7.74.0-1.3+deb11u11
2024-03-16 08:01:21 status installed curl:amd64 7.74.0-1.3+deb11u11
2024-03-16 08:01:25 startup archives unpack
2024-03-16 08:01:25 install perl-modules-5.32:all <none> 5.32.1-4+deb11u3
2024-03-16 08:01:25 status half-installed perl-modules-5.32:all 5.32.1-4+deb11u3
2024-03-16 08:01:25 status unpacked perl-modules-5.32:all 5.32.1-4+deb11u3
2024-03-16 08:01:25 install libgdbm6:amd64 <none> 1.19-2
2024-03-16 08:01:25 status triggers-pending libc-bin:amd64 2.31-13+deb11u8
2024-03-16 08:01:25 status half-installed libgdbm6:amd64 1.19-2
2024-03-16 08:01:25 status unpacked libgdbm6:amd64 1.19-2
2024-03-16 08:01:26 install libgdbm-compat4:amd64 <none> 1.19-2
2024-03-16 08:01:26 status half-installed libgdbm-compat4:amd64 1.19-2
2024-03-16 08:01:26 status unpacked libgdbm-compat4:amd64 1.19-2
2024-03-16 08:01:26 install libperl5.32:amd64 <none> 5.32.1-4+deb11u3
2024-03-16 08:01:26 status half-installed libperl5.32:amd64 5.32.1-4+deb11u3
2024-03-16 08:01:26 status unpacked libperl5.32:amd64 5.32.1-4+deb11u3
2024-03-16 08:01:26 install perl:amd64 <none> 5.32.1-4+deb11u3
2024-03-16 08:01:26 status half-installed perl:amd64 5.32.1-4+deb11u3
2024-03-16 08:01:26 status unpacked perl:amd64 5.32.1-4+deb11u3
2024-03-16 08:01:26 install libelf1:amd64 <none> 0.183-1
2024-03-16 08:01:26 status half-installed libelf1:amd64 0.183-1
2024-03-16 08:01:26 status unpacked libelf1:amd64 0.183-1
2024-03-16 08:01:27 install libbpf0:amd64 <none> 1:0.3-2
2024-03-16 08:01:27 status half-installed libbpf0:amd64 1:0.3-2
2024-03-16 08:01:27 status unpacked libbpf0:amd64 1:0.3-2
2024-03-16 08:01:27 install libcap2:amd64 <none> 1:2.44-1
2024-03-16 08:01:27 status half-installed libcap2:amd64 1:2.44-1
2024-03-16 08:01:27 status unpacked libcap2:amd64 1:2.44-1
2024-03-16 08:01:27 install libmnl0:amd64 <none> 1.0.4-3
2024-03-16 08:01:27 status half-installed libmnl0:amd64 1.0.4-3
2024-03-16 08:01:27 status unpacked libmnl0:amd64 1.0.4-3
2024-03-16 08:01:27 install libxtables12:amd64 <none> 1.8.7-1
2024-03-16 08:01:27 status half-installed libxtables12:amd64 1.8.7-1
2024-03-16 08:01:27 status unpacked libxtables12:amd64 1.8.7-1
2024-03-16 08:01:27 install libcap2-bin:amd64 <none> 1:2.44-1
2024-03-16 08:01:27 status half-installed libcap2-bin:amd64 1:2.44-1
2024-03-16 08:01:27 status unpacked libcap2-bin:amd64 1:2.44-1
2024-03-16 08:01:27 install iproute2:amd64 <none> 5.10.0-4
2024-03-16 08:01:27 status half-installed iproute2:amd64 5.10.0-4
2024-03-16 08:01:27 status unpacked iproute2:amd64 5.10.0-4
2024-03-16 08:01:27 install media-types:all <none> 4.0.0
2024-03-16 08:01:27 status half-installed media-types:all 4.0.0
2024-03-16 08:01:27 status unpacked media-types:all 4.0.0
2024-03-16 08:01:27 install mailcap:all <none> 3.69
2024-03-16 08:01:27 status half-installed mailcap:all 3.69
2024-03-16 08:01:27 status unpacked mailcap:all 3.69
2024-03-16 08:01:27 install mime-support:all <none> 3.66
2024-03-16 08:01:27 status half-installed mime-support:all 3.66
2024-03-16 08:01:27 status unpacked mime-support:all 3.66
2024-03-16 08:01:27 install libapparmor1:amd64 <none> 2.13.6-10
2024-03-16 08:01:27 status half-installed libapparmor1:amd64 2.13.6-10
2024-03-16 08:01:27 status unpacked libapparmor1:amd64 2.13.6-10
2024-03-16 08:01:27 install libargon2-1:amd64 <none> 0~20171227-0.2
2024-03-16 08:01:27 status half-installed libargon2-1:amd64 0~20171227-0.2
2024-03-16 08:01:27 status unpacked libargon2-1:amd64 0~20171227-0.2
2024-03-16 08:01:27 install libexpat1:amd64 <none> 2.2.10-2+deb11u5
2024-03-16 08:01:27 status half-installed libexpat1:amd64 2.2.10-2+deb11u5
2024-03-16 08:01:27 status unpacked libexpat1:amd64 2.2.10-2+deb11u5
2024-03-16 08:01:27 install libmagic-mgc:amd64 <none> 1:5.39-3+deb11u1
2024-03-16 08:01:27 status half-installed libmagic-mgc:amd64 1:5.39-3+deb11u1
2024-03-16 08:01:27 status unpacked libmagic-mgc:amd64 1:5.39-3+deb11u1
2024-03-16 08:01:27 install libmagic1:amd64 <none> 1:5.39-3+deb11u1
2024-03-16 08:01:27 status half-installed libmagic1:amd64 1:5.39-3+deb11u1
2024-03-16 08:01:27 status unpacked libmagic1:amd64 1:5.39-3+deb11u1
2024-03-16 08:01:27 install nginx-common:all <none> 1.18.0-6.1+deb11u3
2024-03-16 08:01:27 status half-installed nginx-common:all 1.18.0-6.1+deb11u3
2024-03-16 08:01:27 status unpacked nginx-common:all 1.18.0-6.1+deb11u3
2024-03-16 08:01:27 install libnginx-mod-http-echo:amd64 <none> 1.18.0-6.1+deb11u3
2024-03-16 08:01:27 status half-installed libnginx-mod-http-echo:amd64 1.18.0-6.1+deb11u3
2024-03-16 08:01:27 status unpacked libnginx-mod-http-echo:amd64 1.18.0-6.1+deb11u3
2024-03-16 08:01:27 install libonig5:amd64 <none> 6.9.6-1.1
2024-03-16 08:01:27 status half-installed libonig5:amd64 6.9.6-1.1
2024-03-16 08:01:27 status unpacked libonig5:amd64 6.9.6-1.1
2024-03-16 08:01:27 install libxmlrpc-epi0:amd64 <none> 0.54.2-1.2+b1
2024-03-16 08:01:27 status half-installed libxmlrpc-epi0:amd64 0.54.2-1.2+b1
2024-03-16 08:01:27 status unpacked libxmlrpc-epi0:amd64 0.54.2-1.2+b1
2024-03-16 08:01:27 install libxslt1.1:amd64 <none> 1.1.34-4+deb11u1
2024-03-16 08:01:27 status half-installed libxslt1.1:amd64 1.1.34-4+deb11u1
2024-03-16 08:01:27 status unpacked libxslt1.1:amd64 1.1.34-4+deb11u1
2024-03-16 08:01:27 install libzip4:amd64 <none> 1.7.3-1
2024-03-16 08:01:27 status half-installed libzip4:amd64 1.7.3-1
2024-03-16 08:01:27 status unpacked libzip4:amd64 1.7.3-1
2024-03-16 08:01:27 install nginx-light:amd64 <none> 1.18.0-6.1+deb11u3
2024-03-16 08:01:27 status half-installed nginx-light:amd64 1.18.0-6.1+deb11u3
2024-03-16 08:01:28 status unpacked nginx-light:amd64 1.18.0-6.1+deb11u3
2024-03-16 08:01:28 install php-common:all <none> 2:76
2024-03-16 08:01:28 status half-installed php-common:all 2:76
2024-03-16 08:01:28 status unpacked php-common:all 2:76
2024-03-16 08:01:28 install php7.4-common:amd64 <none> 7.4.33-1+deb11u4
2024-03-16 08:01:28 status half-installed php7.4-common:amd64 7.4.33-1+deb11u4
2024-03-16 08:01:28 status unpacked php7.4-common:amd64 7.4.33-1+deb11u4
2024-03-16 08:01:28 install php7.4-bcmath:amd64 <none> 7.4.33-1+deb11u4
2024-03-16 08:01:28 status half-installed php7.4-bcmath:amd64 7.4.33-1+deb11u4
2024-03-16 08:01:28 status unpacked php7.4-bcmath:amd64 7.4.33-1+deb11u4
2024-03-16 08:01:28 install php-bcmath:all <none> 2:7.4+76
2024-03-16 08:01:28 status half-installed php-bcmath:all 2:7.4+76
2024-03-16 08:01:28 status unpacked php-bcmath:all 2:7.4+76
2024-03-16 08:01:28 install php7.4-json:amd64 <none> 7.4.33-1+deb11u4
2024-03-16 08:01:28 status half-installed php7.4-json:amd64 7.4.33-1+deb11u4
2024-03-16 08:01:28 status unpacked php7.4-json:amd64 7.4.33-1+deb11u4
2024-03-16 08:01:28 install php7.4-opcache:amd64 <none> 7.4.33-1+deb11u4
2024-03-16 08:01:28 status half-installed php7.4-opcache:amd64 7.4.33-1+deb11u4
2024-03-16 08:01:28 status unpacked php7.4-opcache:amd64 7.4.33-1+deb11u4
2024-03-16 08:01:28 install php7.4-readline:amd64 <none> 7.4.33-1+deb11u4
2024-03-16 08:01:28 status half-installed php7.4-readline:amd64 7.4.33-1+deb11u4
2024-03-16 08:01:28 status unpacked php7.4-readline:amd64 7.4.33-1+deb11u4
2024-03-16 08:01:28 install php7.4-cli:amd64 <none> 7.4.33-1+deb11u4
2024-03-16 08:01:28 status half-installed php7.4-cli:amd64 7.4.33-1+deb11u4
2024-03-16 08:01:28 status unpacked php7.4-cli:amd64 7.4.33-1+deb11u4
2024-03-16 08:01:28 install php-cli:all <none> 2:7.4+76
2024-03-16 08:01:28 status half-installed php-cli:all 2:7.4+76
2024-03-16 08:01:28 status unpacked php-cli:all 2:7.4+76
2024-03-16 08:01:28 install php7.4-curl:amd64 <none> 7.4.33-1+deb11u4
2024-03-16 08:01:28 status half-installed php7.4-curl:amd64 7.4.33-1+deb11u4
2024-03-16 08:01:28 status unpacked php7.4-curl:amd64 7.4.33-1+deb11u4
2024-03-16 08:01:28 install php-curl:all <none> 2:7.4+76
2024-03-16 08:01:28 status half-installed php-curl:all 2:7.4+76
2024-03-16 08:01:28 status unpacked php-curl:all 2:7.4+76
2024-03-16 08:01:28 install php7.4-fpm:amd64 <none> 7.4.33-1+deb11u4
2024-03-16 08:01:28 status half-installed php7.4-fpm:amd64 7.4.33-1+deb11u4
2024-03-16 08:01:28 status unpacked php7.4-fpm:amd64 7.4.33-1+deb11u4
2024-03-16 08:01:28 install php-fpm:all <none> 2:7.4+76
2024-03-16 08:01:28 status half-installed php-fpm:all 2:7.4+76
2024-03-16 08:01:28 status unpacked php-fpm:all 2:7.4+76
2024-03-16 08:01:28 install php7.4-intl:amd64 <none> 7.4.33-1+deb11u4
2024-03-16 08:01:28 status half-installed php7.4-intl:amd64 7.4.33-1+deb11u4
2024-03-16 08:01:29 status unpacked php7.4-intl:amd64 7.4.33-1+deb11u4
2024-03-16 08:01:29 install php-intl:all <none> 2:7.4+76
2024-03-16 08:01:29 status half-installed php-intl:all 2:7.4+76
2024-03-16 08:01:29 status unpacked php-intl:all 2:7.4+76
2024-03-16 08:01:29 install php7.4-mbstring:amd64 <none> 7.4.33-1+deb11u4
2024-03-16 08:01:29 status half-installed php7.4-mbstring:amd64 7.4.33-1+deb11u4
2024-03-16 08:01:29 status unpacked php7.4-mbstring:amd64 7.4.33-1+deb11u4
2024-03-16 08:01:29 install php-mbstring:all <none> 2:7.4+76
2024-03-16 08:01:29 status half-installed php-mbstring:all 2:7.4+76
2024-03-16 08:01:29 status unpacked php-mbstring:all 2:7.4+76
2024-03-16 08:01:29 install php7.4-sqlite3:amd64 <none> 7.4.33-1+deb11u4
2024-03-16 08:01:29 status half-installed php7.4-sqlite3:amd64 7.4.33-1+deb11u4
2024-03-16 08:01:29 status unpacked php7.4-sqlite3:amd64 7.4.33-1+deb11u4
2024-03-16 08:01:29 install php-sqlite3:all <none> 2:7.4+76
2024-03-16 08:01:29 status half-installed php-sqlite3:all 2:7.4+76
2024-03-16 08:01:29 status unpacked php-sqlite3:all 2:7.4+76
2024-03-16 08:01:29 install php7.4-xml:amd64 <none> 7.4.33-1+deb11u4
2024-03-16 08:01:29 status half-installed php7.4-xml:amd64 7.4.33-1+deb11u4
2024-03-16 08:01:29 status unpacked php7.4-xml:amd64 7.4.33-1+deb11u4
2024-03-16 08:01:29 install php-xml:all <none> 2:7.4+76
2024-03-16 08:01:29 status half-installed php-xml:all 2:7.4+76
2024-03-16 08:01:29 status unpacked php-xml:all 2:7.4+76
2024-03-16 08:01:29 install php7.4-xmlrpc:amd64 <none> 7.4.33-1+deb11u4
2024-03-16 08:01:29 status half-installed php7.4-xmlrpc:amd64 7.4.33-1+deb11u4
2024-03-16 08:01:29 status unpacked php7.4-xmlrpc:amd64 7.4.33-1+deb11u4
2024-03-16 08:01:29 install php-xmlrpc:all <none> 2:7.4+76
2024-03-16 08:01:29 status half-installed php-xmlrpc:all 2:7.4+76
2024-03-16 08:01:29 status unpacked php-xmlrpc:all 2:7.4+76
2024-03-16 08:01:29 install php7.4-zip:amd64 <none> 7.4.33-1+deb11u4
2024-03-16 08:01:29 status half-installed php7.4-zip:amd64 7.4.33-1+deb11u4
2024-03-16 08:01:29 status unpacked php7.4-zip:amd64 7.4.33-1+deb11u4
2024-03-16 08:01:29 install php-zip:all <none> 2:7.4+76
2024-03-16 08:01:29 status half-installed php-zip:all 2:7.4+76
2024-03-16 08:01:29 status unpacked php-zip:all 2:7.4+76
2024-03-16 08:01:29 startup packages configure
2024-03-16 08:01:29 configure libexpat1:amd64 2.2.10-2+deb11u5 <none>
2024-03-16 08:01:29 status unpacked libexpat1:amd64 2.2.10-2+deb11u5
2024-03-16 08:01:29 status half-configured libexpat1:amd64 2.2.10-2+deb11u5
2024-03-16 08:01:29 status installed libexpat1:amd64 2.2.10-2+deb11u5
2024-03-16 08:01:29 configure media-types:all 4.0.0 <none>
2024-03-16 08:01:29 status unpacked media-types:all 4.0.0
2024-03-16 08:01:29 status half-configured media-types:all 4.0.0
2024-03-16 08:01:29 status installed media-types:all 4.0.0
2024-03-16 08:01:29 configure php-common:all 2:76 <none>
2024-03-16 08:01:29 status unpacked php-common:all 2:76
2024-03-16 08:01:29 status half-configured php-common:all 2:76
2024-03-16 08:01:29 status installed php-common:all 2:76
2024-03-16 08:01:29 configure libapparmor1:amd64 2.13.6-10 <none>
2024-03-16 08:01:29 status unpacked libapparmor1:amd64 2.13.6-10
2024-03-16 08:01:29 status half-configured libapparmor1:amd64 2.13.6-10
2024-03-16 08:01:29 status installed libapparmor1:amd64 2.13.6-10
2024-03-16 08:01:29 configure php7.4-common:amd64 7.4.33-1+deb11u4 <none>
2024-03-16 08:01:29 status unpacked php7.4-common:amd64 7.4.33-1+deb11u4
2024-03-16 08:01:29 status half-configured php7.4-common:amd64 7.4.33-1+deb11u4
2024-03-16 08:01:38 status installed php7.4-common:amd64 7.4.33-1+deb11u4
2024-03-16 08:01:38 configure php7.4-curl:amd64 7.4.33-1+deb11u4 <none>
2024-03-16 08:01:38 status unpacked php7.4-curl:amd64 7.4.33-1+deb11u4
2024-03-16 08:01:38 status half-configured php7.4-curl:amd64 7.4.33-1+deb11u4
2024-03-16 08:01:38 status installed php7.4-curl:amd64 7.4.33-1+deb11u4
2024-03-16 08:01:38 configure libmagic-mgc:amd64 1:5.39-3+deb11u1 <none>
2024-03-16 08:01:38 status unpacked libmagic-mgc:amd64 1:5.39-3+deb11u1
2024-03-16 08:01:38 status half-configured libmagic-mgc:amd64 1:5.39-3+deb11u1
2024-03-16 08:01:38 status installed libmagic-mgc:amd64 1:5.39-3+deb11u1
2024-03-16 08:01:38 configure php7.4-bcmath:amd64 7.4.33-1+deb11u4 <none>
2024-03-16 08:01:38 status unpacked php7.4-bcmath:amd64 7.4.33-1+deb11u4
2024-03-16 08:01:38 status half-configured php7.4-bcmath:amd64 7.4.33-1+deb11u4
2024-03-16 08:01:39 status installed php7.4-bcmath:amd64 7.4.33-1+deb11u4
2024-03-16 08:01:39 configure libargon2-1:amd64 0~20171227-0.2 <none>
2024-03-16 08:01:39 status unpacked libargon2-1:amd64 0~20171227-0.2
2024-03-16 08:01:39 status half-configured libargon2-1:amd64 0~20171227-0.2
2024-03-16 08:01:39 status installed libargon2-1:amd64 0~20171227-0.2
2024-03-16 08:01:39 configure libzip4:amd64 1.7.3-1 <none>
2024-03-16 08:01:39 status unpacked libzip4:amd64 1.7.3-1
2024-03-16 08:01:39 status half-configured libzip4:amd64 1.7.3-1
2024-03-16 08:01:39 status installed libzip4:amd64 1.7.3-1
2024-03-16 08:01:39 configure perl-modules-5.32:all 5.32.1-4+deb11u3 <none>
2024-03-16 08:01:39 status unpacked perl-modules-5.32:all 5.32.1-4+deb11u3
2024-03-16 08:01:39 status half-configured perl-modules-5.32:all 5.32.1-4+deb11u3
2024-03-16 08:01:39 status installed perl-modules-5.32:all 5.32.1-4+deb11u3
2024-03-16 08:01:39 configure libxmlrpc-epi0:amd64 0.54.2-1.2+b1 <none>
2024-03-16 08:01:39 status unpacked libxmlrpc-epi0:amd64 0.54.2-1.2+b1
2024-03-16 08:01:39 status half-configured libxmlrpc-epi0:amd64 0.54.2-1.2+b1
2024-03-16 08:01:39 status installed libxmlrpc-epi0:amd64 0.54.2-1.2+b1
2024-03-16 08:01:39 configure libmagic1:amd64 1:5.39-3+deb11u1 <none>
2024-03-16 08:01:39 status unpacked libmagic1:amd64 1:5.39-3+deb11u1
2024-03-16 08:01:39 status half-configured libmagic1:amd64 1:5.39-3+deb11u1
2024-03-16 08:01:39 status installed libmagic1:amd64 1:5.39-3+deb11u1
2024-03-16 08:01:39 configure php7.4-readline:amd64 7.4.33-1+deb11u4 <none>
2024-03-16 08:01:39 status unpacked php7.4-readline:amd64 7.4.33-1+deb11u4
2024-03-16 08:01:39 status half-configured php7.4-readline:amd64 7.4.33-1+deb11u4
2024-03-16 08:01:39 status installed php7.4-readline:amd64 7.4.33-1+deb11u4
2024-03-16 08:01:39 configure nginx-common:all 1.18.0-6.1+deb11u3 <none>
2024-03-16 08:01:39 status unpacked nginx-common:all 1.18.0-6.1+deb11u3
2024-03-16 08:01:39 status half-configured nginx-common:all 1.18.0-6.1+deb11u3
2024-03-16 08:01:40 status installed nginx-common:all 1.18.0-6.1+deb11u3
2024-03-16 08:01:40 configure php7.4-intl:amd64 7.4.33-1+deb11u4 <none>
2024-03-16 08:01:40 status unpacked php7.4-intl:amd64 7.4.33-1+deb11u4
2024-03-16 08:01:40 status half-configured php7.4-intl:amd64 7.4.33-1+deb11u4
2024-03-16 08:01:40 status installed php7.4-intl:amd64 7.4.33-1+deb11u4
2024-03-16 08:01:40 configure libcap2:amd64 1:2.44-1 <none>
2024-03-16 08:01:40 status unpacked libcap2:amd64 1:2.44-1
2024-03-16 08:01:40 status half-configured libcap2:amd64 1:2.44-1
2024-03-16 08:01:40 status installed libcap2:amd64 1:2.44-1
2024-03-16 08:01:40 configure php-intl:all 2:7.4+76 <none>
2024-03-16 08:01:40 status unpacked php-intl:all 2:7.4+76
2024-03-16 08:01:40 status half-configured php-intl:all 2:7.4+76
2024-03-16 08:01:40 status installed php-intl:all 2:7.4+76
2024-03-16 08:01:40 configure libcap2-bin:amd64 1:2.44-1 <none>
2024-03-16 08:01:40 status unpacked libcap2-bin:amd64 1:2.44-1
2024-03-16 08:01:40 status half-configured libcap2-bin:amd64 1:2.44-1
2024-03-16 08:01:40 status installed libcap2-bin:amd64 1:2.44-1
2024-03-16 08:01:40 configure php7.4-zip:amd64 7.4.33-1+deb11u4 <none>
2024-03-16 08:01:40 status unpacked php7.4-zip:amd64 7.4.33-1+deb11u4
2024-03-16 08:01:40 status half-configured php7.4-zip:amd64 7.4.33-1+deb11u4
2024-03-16 08:01:41 status installed php7.4-zip:amd64 7.4.33-1+deb11u4
2024-03-16 08:01:41 configure libmnl0:amd64 1.0.4-3 <none>
2024-03-16 08:01:41 status unpacked libmnl0:amd64 1.0.4-3
2024-03-16 08:01:41 status half-configured libmnl0:amd64 1.0.4-3
2024-03-16 08:01:41 status installed libmnl0:amd64 1.0.4-3
2024-03-16 08:01:41 configure libxtables12:amd64 1.8.7-1 <none>
2024-03-16 08:01:41 status unpacked libxtables12:amd64 1.8.7-1
2024-03-16 08:01:41 status half-configured libxtables12:amd64 1.8.7-1
2024-03-16 08:01:41 status installed libxtables12:amd64 1.8.7-1
2024-03-16 08:01:41 configure libnginx-mod-http-echo:amd64 1.18.0-6.1+deb11u3 <none>
2024-03-16 08:01:41 status unpacked libnginx-mod-http-echo:amd64 1.18.0-6.1+deb11u3
2024-03-16 08:01:41 status half-configured libnginx-mod-http-echo:amd64 1.18.0-6.1+deb11u3
2024-03-16 08:01:41 status installed libnginx-mod-http-echo:amd64 1.18.0-6.1+deb11u3
2024-03-16 08:01:41 configure php-zip:all 2:7.4+76 <none>
2024-03-16 08:01:41 status unpacked php-zip:all 2:7.4+76
2024-03-16 08:01:41 status half-configured php-zip:all 2:7.4+76
2024-03-16 08:01:41 status installed php-zip:all 2:7.4+76
2024-03-16 08:01:41 configure libxslt1.1:amd64 1.1.34-4+deb11u1 <none>
2024-03-16 08:01:41 status unpacked libxslt1.1:amd64 1.1.34-4+deb11u1
2024-03-16 08:01:41 status half-configured libxslt1.1:amd64 1.1.34-4+deb11u1
2024-03-16 08:01:41 status installed libxslt1.1:amd64 1.1.34-4+deb11u1
2024-03-16 08:01:41 configure php7.4-opcache:amd64 7.4.33-1+deb11u4 <none>
2024-03-16 08:01:41 status unpacked php7.4-opcache:amd64 7.4.33-1+deb11u4
2024-03-16 08:01:41 status half-configured php7.4-opcache:amd64 7.4.33-1+deb11u4
2024-03-16 08:01:41 status installed php7.4-opcache:amd64 7.4.33-1+deb11u4
2024-03-16 08:01:41 configure php7.4-sqlite3:amd64 7.4.33-1+deb11u4 <none>
2024-03-16 08:01:41 status unpacked php7.4-sqlite3:amd64 7.4.33-1+deb11u4
2024-03-16 08:01:41 status half-configured php7.4-sqlite3:amd64 7.4.33-1+deb11u4
2024-03-16 08:01:43 status installed php7.4-sqlite3:amd64 7.4.33-1+deb11u4
2024-03-16 08:01:43 configure libelf1:amd64 0.183-1 <none>
2024-03-16 08:01:43 status unpacked libelf1:amd64 0.183-1
2024-03-16 08:01:43 status half-configured libelf1:amd64 0.183-1
2024-03-16 08:01:43 status installed libelf1:amd64 0.183-1
2024-03-16 08:01:43 configure libonig5:amd64 6.9.6-1.1 <none>
2024-03-16 08:01:43 status unpacked libonig5:amd64 6.9.6-1.1
2024-03-16 08:01:43 status half-configured libonig5:amd64 6.9.6-1.1
2024-03-16 08:01:43 status installed libonig5:amd64 6.9.6-1.1
2024-03-16 08:01:43 configure libgdbm6:amd64 1.19-2 <none>
2024-03-16 08:01:43 status unpacked libgdbm6:amd64 1.19-2
2024-03-16 08:01:43 status half-configured libgdbm6:amd64 1.19-2
2024-03-16 08:01:43 status installed libgdbm6:amd64 1.19-2
2024-03-16 08:01:43 configure php-curl:all 2:7.4+76 <none>
2024-03-16 08:01:43 status unpacked php-curl:all 2:7.4+76
2024-03-16 08:01:43 status half-configured php-curl:all 2:7.4+76
2024-03-16 08:01:43 status installed php-curl:all 2:7.4+76
2024-03-16 08:01:43 configure php7.4-json:amd64 7.4.33-1+deb11u4 <none>
2024-03-16 08:01:43 status unpacked php7.4-json:amd64 7.4.33-1+deb11u4
2024-03-16 08:01:43 status half-configured php7.4-json:amd64 7.4.33-1+deb11u4
2024-03-16 08:01:43 status installed php7.4-json:amd64 7.4.33-1+deb11u4
2024-03-16 08:01:43 configure php7.4-xml:amd64 7.4.33-1+deb11u4 <none>
2024-03-16 08:01:43 status unpacked php7.4-xml:amd64 7.4.33-1+deb11u4
2024-03-16 08:01:43 status half-configured php7.4-xml:amd64 7.4.33-1+deb11u4
2024-03-16 08:01:46 status installed php7.4-xml:amd64 7.4.33-1+deb11u4
2024-03-16 08:01:46 configure php7.4-xmlrpc:amd64 7.4.33-1+deb11u4 <none>
2024-03-16 08:01:46 status unpacked php7.4-xmlrpc:amd64 7.4.33-1+deb11u4
2024-03-16 08:01:46 status half-configured php7.4-xmlrpc:amd64 7.4.33-1+deb11u4
2024-03-16 08:01:47 status installed php7.4-xmlrpc:amd64 7.4.33-1+deb11u4
2024-03-16 08:01:47 configure php-bcmath:all 2:7.4+76 <none>
2024-03-16 08:01:47 status unpacked php-bcmath:all 2:7.4+76
2024-03-16 08:01:47 status half-configured php-bcmath:all 2:7.4+76
2024-03-16 08:01:47 status installed php-bcmath:all 2:7.4+76
2024-03-16 08:01:47 configure php7.4-mbstring:amd64 7.4.33-1+deb11u4 <none>
2024-03-16 08:01:47 status unpacked php7.4-mbstring:amd64 7.4.33-1+deb11u4
2024-03-16 08:01:47 status half-configured php7.4-mbstring:amd64 7.4.33-1+deb11u4
2024-03-16 08:01:47 status installed php7.4-mbstring:amd64 7.4.33-1+deb11u4
2024-03-16 08:01:47 configure php-sqlite3:all 2:7.4+76 <none>
2024-03-16 08:01:47 status unpacked php-sqlite3:all 2:7.4+76
2024-03-16 08:01:47 status half-configured php-sqlite3:all 2:7.4+76
2024-03-16 08:01:47 status installed php-sqlite3:all 2:7.4+76
2024-03-16 08:01:47 configure php-mbstring:all 2:7.4+76 <none>
2024-03-16 08:01:47 status unpacked php-mbstring:all 2:7.4+76
2024-03-16 08:01:47 status half-configured php-mbstring:all 2:7.4+76
2024-03-16 08:01:47 status installed php-mbstring:all 2:7.4+76
2024-03-16 08:01:47 configure libgdbm-compat4:amd64 1.19-2 <none>
2024-03-16 08:01:47 status unpacked libgdbm-compat4:amd64 1.19-2
2024-03-16 08:01:47 status half-configured libgdbm-compat4:amd64 1.19-2
2024-03-16 08:01:47 status installed libgdbm-compat4:amd64 1.19-2
2024-03-16 08:01:47 configure php-xmlrpc:all 2:7.4+76 <none>
2024-03-16 08:01:47 status unpacked php-xmlrpc:all 2:7.4+76
2024-03-16 08:01:47 status half-configured php-xmlrpc:all 2:7.4+76
2024-03-16 08:01:47 status installed php-xmlrpc:all 2:7.4+76
2024-03-16 08:01:47 configure libperl5.32:amd64 5.32.1-4+deb11u3 <none>
2024-03-16 08:01:47 status unpacked libperl5.32:amd64 5.32.1-4+deb11u3
2024-03-16 08:01:47 status half-configured libperl5.32:amd64 5.32.1-4+deb11u3
2024-03-16 08:01:47 status installed libperl5.32:amd64 5.32.1-4+deb11u3
2024-03-16 08:01:47 configure libbpf0:amd64 1:0.3-2 <none>
2024-03-16 08:01:47 status unpacked libbpf0:amd64 1:0.3-2
2024-03-16 08:01:47 status half-configured libbpf0:amd64 1:0.3-2
2024-03-16 08:01:47 status installed libbpf0:amd64 1:0.3-2
2024-03-16 08:01:47 configure php-xml:all 2:7.4+76 <none>
2024-03-16 08:01:47 status unpacked php-xml:all 2:7.4+76
2024-03-16 08:01:47 status half-configured php-xml:all 2:7.4+76
2024-03-16 08:01:47 status installed php-xml:all 2:7.4+76
2024-03-16 08:01:47 configure iproute2:amd64 5.10.0-4 <none>
2024-03-16 08:01:47 status unpacked iproute2:amd64 5.10.0-4
2024-03-16 08:01:47 status half-configured iproute2:amd64 5.10.0-4
2024-03-16 08:01:47 status installed iproute2:amd64 5.10.0-4
2024-03-16 08:01:47 configure perl:amd64 5.32.1-4+deb11u3 <none>
2024-03-16 08:01:47 status unpacked perl:amd64 5.32.1-4+deb11u3
2024-03-16 08:01:47 status half-configured perl:amd64 5.32.1-4+deb11u3
2024-03-16 08:01:47 status installed perl:amd64 5.32.1-4+deb11u3
2024-03-16 08:01:47 configure mailcap:all 3.69 <none>
2024-03-16 08:01:47 status unpacked mailcap:all 3.69
2024-03-16 08:01:47 status half-configured mailcap:all 3.69
2024-03-16 08:01:48 status installed mailcap:all 3.69
2024-03-16 08:01:48 configure nginx-light:amd64 1.18.0-6.1+deb11u3 <none>
2024-03-16 08:01:48 status unpacked nginx-light:amd64 1.18.0-6.1+deb11u3
2024-03-16 08:01:48 status half-configured nginx-light:amd64 1.18.0-6.1+deb11u3
2024-03-16 08:01:48 status installed nginx-light:amd64 1.18.0-6.1+deb11u3
2024-03-16 08:01:48 configure mime-support:all 3.66 <none>
2024-03-16 08:01:48 status unpacked mime-support:all 3.66
2024-03-16 08:01:48 status half-configured mime-support:all 3.66
2024-03-16 08:01:48 status installed mime-support:all 3.66
2024-03-16 08:01:48 configure php7.4-cli:amd64 7.4.33-1+deb11u4 <none>
2024-03-16 08:01:48 status unpacked php7.4-cli:amd64 7.4.33-1+deb11u4
2024-03-16 08:01:48 status half-configured php7.4-cli:amd64 7.4.33-1+deb11u4
2024-03-16 08:01:49 status installed php7.4-cli:amd64 7.4.33-1+deb11u4
2024-03-16 08:01:49 status triggers-pending php7.4-cli:amd64 7.4.33-1+deb11u4
2024-03-16 08:01:49 configure php-cli:all 2:7.4+76 <none>
2024-03-16 08:01:49 status unpacked php-cli:all 2:7.4+76
2024-03-16 08:01:49 status half-configured php-cli:all 2:7.4+76
2024-03-16 08:01:49 status installed php-cli:all 2:7.4+76
2024-03-16 08:01:49 configure php7.4-fpm:amd64 7.4.33-1+deb11u4 <none>
2024-03-16 08:01:49 status unpacked php7.4-fpm:amd64 7.4.33-1+deb11u4
2024-03-16 08:01:49 status half-configured php7.4-fpm:amd64 7.4.33-1+deb11u4
2024-03-16 08:01:51 status installed php7.4-fpm:amd64 7.4.33-1+deb11u4
2024-03-16 08:01:51 status triggers-pending php7.4-fpm:amd64 7.4.33-1+deb11u4
2024-03-16 08:01:51 configure php-fpm:all 2:7.4+76 <none>
2024-03-16 08:01:51 status unpacked php-fpm:all 2:7.4+76
2024-03-16 08:01:51 status half-configured php-fpm:all 2:7.4+76
2024-03-16 08:01:51 status installed php-fpm:all 2:7.4+76
2024-03-16 08:01:51 trigproc libc-bin:amd64 2.31-13+deb11u8 <none>
2024-03-16 08:01:51 status half-configured libc-bin:amd64 2.31-13+deb11u8
2024-03-16 08:01:51 status installed libc-bin:amd64 2.31-13+deb11u8
2024-03-16 08:01:51 trigproc php7.4-cli:amd64 7.4.33-1+deb11u4 <none>
2024-03-16 08:01:51 status half-configured php7.4-cli:amd64 7.4.33-1+deb11u4
2024-03-16 08:01:51 status installed php7.4-cli:amd64 7.4.33-1+deb11u4
2024-03-16 08:01:51 trigproc php7.4-fpm:amd64 7.4.33-1+deb11u4 <none>
2024-03-16 08:01:51 status half-configured php7.4-fpm:amd64 7.4.33-1+deb11u4
2024-03-16 08:01:51 status installed php7.4-fpm:amd64 7.4.33-1+deb11u4
2024-03-16 08:01:53 startup archives unpack
2024-03-16 08:01:53 install mlock:amd64 <none> 8:2007f~dfsg-7+b1
2024-03-16 08:01:53 status half-installed mlock:amd64 8:2007f~dfsg-7+b1
2024-03-16 08:01:53 status unpacked mlock:amd64 8:2007f~dfsg-7+b1
2024-03-16 08:01:53 install libc-client2007e:amd64 <none> 8:2007f~dfsg-7+b1
2024-03-16 08:01:53 status triggers-pending libc-bin:amd64 2.31-13+deb11u8
2024-03-16 08:01:53 status half-installed libc-client2007e:amd64 8:2007f~dfsg-7+b1
2024-03-16 08:01:53 status unpacked libc-client2007e:amd64 8:2007f~dfsg-7+b1
2024-03-16 08:01:53 install php7.4-imap:amd64 <none> 7.4.33-1+deb11u4
2024-03-16 08:01:53 status triggers-pending php7.4-fpm:amd64 7.4.33-1+deb11u4
2024-03-16 08:01:53 status half-installed php7.4-imap:amd64 7.4.33-1+deb11u4
2024-03-16 08:01:53 status unpacked php7.4-imap:amd64 7.4.33-1+deb11u4
2024-03-16 08:01:53 install php-imap:all <none> 2:7.4+76
2024-03-16 08:01:53 status half-installed php-imap:all 2:7.4+76
2024-03-16 08:01:53 status unpacked php-imap:all 2:7.4+76
2024-03-16 08:01:53 install php7.4-soap:amd64 <none> 7.4.33-1+deb11u4
2024-03-16 08:01:53 status half-installed php7.4-soap:amd64 7.4.33-1+deb11u4
2024-03-16 08:01:53 status unpacked php7.4-soap:amd64 7.4.33-1+deb11u4
2024-03-16 08:01:53 install php-soap:all <none> 2:7.4+76
2024-03-16 08:01:53 status half-installed php-soap:all 2:7.4+76
2024-03-16 08:01:53 status unpacked php-soap:all 2:7.4+76
2024-03-16 08:01:53 startup packages configure
2024-03-16 08:01:53 configure mlock:amd64 8:2007f~dfsg-7+b1 <none>
2024-03-16 08:01:53 status unpacked mlock:amd64 8:2007f~dfsg-7+b1
2024-03-16 08:01:53 status half-configured mlock:amd64 8:2007f~dfsg-7+b1
2024-03-16 08:01:53 status installed mlock:amd64 8:2007f~dfsg-7+b1
2024-03-16 08:01:53 configure libc-client2007e:amd64 8:2007f~dfsg-7+b1 <none>
2024-03-16 08:01:53 status unpacked libc-client2007e:amd64 8:2007f~dfsg-7+b1
2024-03-16 08:01:53 status half-configured libc-client2007e:amd64 8:2007f~dfsg-7+b1
2024-03-16 08:01:53 status installed libc-client2007e:amd64 8:2007f~dfsg-7+b1
2024-03-16 08:01:53 configure php7.4-soap:amd64 7.4.33-1+deb11u4 <none>
2024-03-16 08:01:53 status unpacked php7.4-soap:amd64 7.4.33-1+deb11u4
2024-03-16 08:01:53 status half-configured php7.4-soap:amd64 7.4.33-1+deb11u4
2024-03-16 08:01:54 status installed php7.4-soap:amd64 7.4.33-1+deb11u4
2024-03-16 08:01:54 status triggers-pending php7.4-cli:amd64 7.4.33-1+deb11u4
2024-03-16 08:01:54 configure php7.4-imap:amd64 7.4.33-1+deb11u4 <none>
2024-03-16 08:01:54 status unpacked php7.4-imap:amd64 7.4.33-1+deb11u4
2024-03-16 08:01:54 status half-configured php7.4-imap:amd64 7.4.33-1+deb11u4
2024-03-16 08:01:54 status installed php7.4-imap:amd64 7.4.33-1+deb11u4
2024-03-16 08:01:54 configure php-soap:all 2:7.4+76 <none>
2024-03-16 08:01:54 status unpacked php-soap:all 2:7.4+76
2024-03-16 08:01:54 status half-configured php-soap:all 2:7.4+76
2024-03-16 08:01:54 status installed php-soap:all 2:7.4+76
2024-03-16 08:01:54 configure php-imap:all 2:7.4+76 <none>
2024-03-16 08:01:54 status unpacked php-imap:all 2:7.4+76
2024-03-16 08:01:54 status half-configured php-imap:all 2:7.4+76
2024-03-16 08:01:54 status installed php-imap:all 2:7.4+76
2024-03-16 08:01:54 trigproc libc-bin:amd64 2.31-13+deb11u8 <none>
2024-03-16 08:01:54 status half-configured libc-bin:amd64 2.31-13+deb11u8
2024-03-16 08:01:54 status installed libc-bin:amd64 2.31-13+deb11u8
2024-03-16 08:01:54 trigproc php7.4-fpm:amd64 7.4.33-1+deb11u4 <none>
2024-03-16 08:01:54 status half-configured php7.4-fpm:amd64 7.4.33-1+deb11u4
2024-03-16 08:01:54 status installed php7.4-fpm:amd64 7.4.33-1+deb11u4
2024-03-16 08:01:54 trigproc php7.4-cli:amd64 7.4.33-1+deb11u4 <none>
2024-03-16 08:01:54 status half-configured php7.4-cli:amd64 7.4.33-1+deb11u4
2024-03-16 08:01:54 status installed php7.4-cli:amd64 7.4.33-1+deb11u4
