[29-Apr-2024 15:21:24] NOTICE: fpm is running, pid 748
[29-Apr-2024 15:21:24] NOTICE: ready to handle connections
[29-Apr-2024 15:21:24] NOTICE: systemd monitor interval set to 10000ms
[29-Apr-2024 15:25:28] NOTICE: Terminating ...
[29-Apr-2024 15:25:28] NOTICE: exiting, bye-bye!
[29-Apr-2024 15:26:27] NOTICE: fpm is running, pid 693
[29-Apr-2024 15:26:27] NOTICE: ready to handle connections
[29-Apr-2024 15:26:27] NOTICE: systemd monitor interval set to 10000ms
[29-Apr-2024 15:28:38] NOTICE: Terminating ...
[29-Apr-2024 15:28:38] NOTICE: exiting, bye-bye!
[29-Apr-2024 15:40:47] NOTICE: fpm is running, pid 679
[29-Apr-2024 15:40:47] NOTICE: ready to handle connections
[29-Apr-2024 15:40:47] NOTICE: systemd monitor interval set to 10000ms
[29-Apr-2024 15:46:12] NOTICE: Terminating ...
[29-Apr-2024 15:46:12] NOTICE: exiting, bye-bye!
[29-Apr-2024 15:59:57] NOTICE: fpm is running, pid 688
[29-Apr-2024 15:59:57] NOTICE: ready to handle connections
[29-Apr-2024 15:59:57] NOTICE: systemd monitor interval set to 10000ms
[29-Apr-2024 16:05:07] NOTICE: Terminating ...
[29-Apr-2024 16:05:07] NOTICE: exiting, bye-bye!
